I0911 13:24:38.851079   14716 load.go:37] Reloading schema and connectors...
I0911 13:24:39.001448   14716 control.go:84] [/emulator/nakevlink-dataconnect d6c9] UpdateResources(): done
Schema: sources: schema\schema.gql [1977B] 
Connector "nakevlink-connector": sources: connector\mutations.gql [2311B] connector\queries.gql [7296B] 
I0911 13:24:39.056189   14716 codegen.go:82] [connector "nakevlink-connector" javascriptSdk] Generating sources into "C:\\Projects\\nakevlink\\web-app\\src\\lib\\dataconnect"
I0911 13:24:39.083104   14716 collector.go:107] schema extensions wrote into "C:\\Projects\\nakevlink\\dataconnect\\.dataconnect\\schema"
Generated sources: main\query.gql [6899B] main\mutation.gql [18150B] prelude.gql [73172B] main\input.gql [53918B] main\relation.gql [27012B] 
I0911 13:24:39.105535   14716 collector.go:107] connector "nakevlink-connector" javascriptSdk wrote into "C:\\Projects\\nakevlink\\web-app\\src\\lib\\dataconnect"
Generated sources: package.json [638B] README.md [135474B] index.d.ts [32269B] esm\index.esm.js [11985B] esm\package.json [17B] index.cjs.js [13993B] 
I0911 13:24:39.105535   14716 installsdk.go:138] generate.javascriptSdk.packageJsonDir is not specified, skipping automatic installation of JS package
I0911 13:24:39.105535   14716 load.go:115] Finished reloading
I0911 13:24:39.114162   14716 dev.go:95] Listening on address (HTTP + gRPC): 127.0.0.1:9399
I0911 13:24:39.115920   14716 dev.go:95] Listening on address (HTTP + gRPC): [::1]:9399
I0911 13:24:46.156585   14716 migrate.go:24] Running migration SQL:
Step 1: CREATE EXTENSION IF NOT EXISTS "uuid-ossp"
Step 2: CREATE TABLE "public"."business" ("id" text NOT NULL DEFAULT replace((uuid_generate_v4())::text, '-'::text, ''::text), "address" text NULL, "category_id" integer NOT NULL, "contact_name" text NULL, "created_datetime" timestamptz NULL, "description" text NULL, "email" text NULL, "expiration_duration_in_days" integer NULL, "image" text NULL, "name" text NOT NULL, "phone_number" text NULL, "punch_num" integer NULL, PRIMARY KEY ("id"))
Step 3: CREATE TABLE "public"."user" ("id" text NOT NULL, "created_datetime" timestamptz NULL, "email" text NOT NULL, "favorite_category" integer NULL, "name" text NOT NULL, PRIMARY KEY ("id"))
Step 4: CREATE UNIQUE INDEX "user_email_uidx" ON "public"."user" ("email")
Step 5: CREATE TABLE "public"."punch_card" ("id" text NOT NULL DEFAULT replace((uuid_generate_v4())::text, '-'::text, ''::text), "business_id" text NOT NULL, "user_id" text NOT NULL, "created_at" timestamptz NULL, "expires_at" timestamptz NOT NULL, "max_punches" integer NOT NULL, PRIMARY KEY ("id"), CONSTRAINT "punch_card_business_id_fkey" FOREIGN KEY ("business_id") REFERENCES "public"."business" ("id") ON DELETE CASCADE, CONSTRAINT "punch_card_user_id_fkey" FOREIGN KEY ("user_id") REFERENCES "public"."user" ("id") ON DELETE CASCADE)
Step 6: CREATE INDEX "punch_card_businessId_idx" ON "public"."punch_card" ("business_id")
Step 7: CREATE INDEX "punch_card_userId_idx" ON "public"."punch_card" ("user_id")
Step 8: CREATE TABLE "public"."punch" ("id" text NOT NULL DEFAULT replace((uuid_generate_v4())::text, '-'::text, ''::text), "card_id" text NOT NULL, "punch_time" timestamptz NULL, PRIMARY KEY ("id"), CONSTRAINT "punch_card_id_fkey" FOREIGN KEY ("card_id") REFERENCES "public"."punch_card" ("id") ON DELETE CASCADE)
Step 9: CREATE INDEX "punch_cardId_idx" ON "public"."punch" ("card_id")
Step 10: CREATE TABLE "public"."punch_code" ("id" text NOT NULL DEFAULT replace((uuid_generate_v4())::text, '-'::text, ''::text), "business_id" text NOT NULL, "card_id" text NOT NULL, "user_id" text NOT NULL, "code" text NOT NULL, "created_at" timestamptz NULL, "expires_at" timestamptz NOT NULL, "is_used" boolean NULL DEFAULT false, "used_at" timestamptz NULL, PRIMARY KEY ("id"), CONSTRAINT "punch_code_business_id_fkey" FOREIGN KEY ("business_id") REFERENCES "public"."business" ("id") ON DELETE CASCADE, CONSTRAINT "punch_code_card_id_fkey" FOREIGN KEY ("card_id") REFERENCES "public"."punch_card" ("id") ON DELETE CASCADE, CONSTRAINT "punch_code_user_id_fkey" FOREIGN KEY ("user_id") REFERENCES "public"."user" ("id") ON DELETE CASCADE)
Step 11: CREATE INDEX "punch_code_businessId_idx" ON "public"."punch_code" ("business_id")
Step 12: CREATE INDEX "punch_code_cardId_idx" ON "public"."punch_code" ("card_id")
Step 13: CREATE INDEX "punch_code_userId_idx" ON "public"."punch_code" ("user_id")
Step 14: CREATE UNIQUE INDEX "punch_code_code_uidx" ON "public"."punch_code" ("code")
I0911 13:24:46.478550   14716 control.go:84] [/emulator/nakevlink-dataconnect f466] UpdateResources(): done
Schema: sources: schema\schema.gql [1977B] 
Connector "nakevlink-connector": sources: connector\mutations.gql [2311B] connector\queries.gql [7296B] 
I0911 13:30:09.542807   14716 prepare.go:129] [operation "GetBusinessByEmail" attempt 1] preparePlan succeeded
I0911 13:30:09.546209   14716 prepare.go:120] [operation "GetBusinessByEmail" attempt 1] DBStats beforePrepare: sql.DBStats{MaxOpenConnections:1, OpenConnections:1, InUse:0, Idle:1, WaitCount:0, WaitDuration:0, MaxIdleClosed:0, MaxIdleTimeClosed:0, MaxLifetimeClosed:0}, afterPrepare: sql.DBStats{MaxOpenConnections:1, OpenConnections:1, InUse:0, Idle:1, WaitCount:0, WaitDuration:0, MaxIdleClosed:0, MaxIdleTimeClosed:0, MaxLifetimeClosed:0}
I0911 13:30:09.562937   14716 executor.go:90] [operation "GetBusinessByEmail" attempt 1] DBStats beforeRun: sql.DBStats{MaxOpenConnections:1, OpenConnections:1, InUse:0, Idle:1, WaitCount:0, WaitDuration:0, MaxIdleClosed:0, MaxIdleTimeClosed:0, MaxLifetimeClosed:0}, afterRun: sql.DBStats{MaxOpenConnections:1, OpenConnections:1, InUse:0, Idle:1, WaitCount:0, WaitDuration:0, MaxIdleClosed:0, MaxIdleTimeClosed:0, MaxLifetimeClosed:0}
I0911 13:30:09.562937   14716 engine.go:174] [/emulator/nakevlink-dataconnect f466] ExecuteQuery GetBusinessByEmail: succeeded. Connector: nakevlink-connector
I0911 13:30:09.574797   14716 prepare.go:129] [operation "CreateUser" attempt 1] preparePlan succeeded
I0911 13:30:09.575544   14716 prepare.go:120] [operation "CreateUser" attempt 1] DBStats beforePrepare: sql.DBStats{MaxOpenConnections:1, OpenConnections:1, InUse:0, Idle:1, WaitCount:0, WaitDuration:0, MaxIdleClosed:0, MaxIdleTimeClosed:0, MaxLifetimeClosed:0}, afterPrepare: sql.DBStats{MaxOpenConnections:1, OpenConnections:1, InUse:0, Idle:1, WaitCount:0, WaitDuration:0, MaxIdleClosed:0, MaxIdleTimeClosed:0, MaxLifetimeClosed:0}
I0911 13:30:09.590946   14716 executor.go:90] [operation "CreateUser" attempt 1] DBStats beforeRun: sql.DBStats{MaxOpenConnections:1, OpenConnections:1, InUse:0, Idle:1, WaitCount:0, WaitDuration:0, MaxIdleClosed:0, MaxIdleTimeClosed:0, MaxLifetimeClosed:0}, afterRun: sql.DBStats{MaxOpenConnections:1, OpenConnections:1, InUse:0, Idle:1, WaitCount:0, WaitDuration:0, MaxIdleClosed:0, MaxIdleTimeClosed:0, MaxLifetimeClosed:0}
I0911 13:30:09.590946   14716 engine.go:174] [/emulator/nakevlink-dataconnect f466] ExecuteMutation CreateUser: succeeded. Connector: nakevlink-connector
I0911 13:30:10.027003   14716 prepare.go:129] [operation "GetUserPunchCards" attempt 1] preparePlan succeeded
I0911 13:30:10.027384   14716 prepare.go:120] [operation "GetUserPunchCards" attempt 1] DBStats beforePrepare: sql.DBStats{MaxOpenConnections:1, OpenConnections:1, InUse:0, Idle:1, WaitCount:0, WaitDuration:0, MaxIdleClosed:0, MaxIdleTimeClosed:0, MaxLifetimeClosed:0}, afterPrepare: sql.DBStats{MaxOpenConnections:1, OpenConnections:1, InUse:0, Idle:1, WaitCount:0, WaitDuration:0, MaxIdleClosed:0, MaxIdleTimeClosed:0, MaxLifetimeClosed:0}
I0911 13:30:10.033367   14716 executor.go:90] [operation "GetUserPunchCards" attempt 1] DBStats beforeRun: sql.DBStats{MaxOpenConnections:1, OpenConnections:1, InUse:0, Idle:1, WaitCount:0, WaitDuration:0, MaxIdleClosed:0, MaxIdleTimeClosed:0, MaxLifetimeClosed:0}, afterRun: sql.DBStats{MaxOpenConnections:1, OpenConnections:1, InUse:1, Idle:0, WaitCount:1, WaitDuration:0, MaxIdleClosed:0, MaxIdleTimeClosed:0, MaxLifetimeClosed:0}
I0911 13:30:10.033984   14716 engine.go:174] [/emulator/nakevlink-dataconnect f466] ExecuteQuery GetUserPunchCards: succeeded. Connector: nakevlink-connector
I0911 13:30:10.039367   14716 executor.go:90] [operation "GetUserPunchCards" attempt 1] DBStats beforeRun: sql.DBStats{MaxOpenConnections:1, OpenConnections:1, InUse:1, Idle:0, WaitCount:0, WaitDuration:0, MaxIdleClosed:0, MaxIdleTimeClosed:0, MaxLifetimeClosed:0}, afterRun: sql.DBStats{MaxOpenConnections:1, OpenConnections:1, InUse:0, Idle:1, WaitCount:1, WaitDuration:6599900, MaxIdleClosed:0, MaxIdleTimeClosed:0, MaxLifetimeClosed:0}
I0911 13:30:10.039945   14716 engine.go:174] [/emulator/nakevlink-dataconnect f466] ExecuteQuery GetUserPunchCards: succeeded. Connector: nakevlink-connector
I0911 13:31:21.738348   14716 prepare.go:129] [operation "GetAllBusinesses" attempt 1] preparePlan succeeded
I0911 13:31:21.738348   14716 prepare.go:120] [operation "GetAllBusinesses" attempt 1] DBStats beforePrepare: sql.DBStats{MaxOpenConnections:1, OpenConnections:1, InUse:0, Idle:1, WaitCount:1, WaitDuration:6599900, MaxIdleClosed:0, MaxIdleTimeClosed:0, MaxLifetimeClosed:0}, afterPrepare: sql.DBStats{MaxOpenConnections:1, OpenConnections:1, InUse:1, Idle:0, WaitCount:2, WaitDuration:6599900, MaxIdleClosed:0, MaxIdleTimeClosed:0, MaxLifetimeClosed:0}
I0911 13:31:21.744109   14716 prepare.go:129] [operation "GetUserForRecommendations" attempt 1] preparePlan succeeded
I0911 13:31:21.744109   14716 prepare.go:120] [operation "GetUserForRecommendations" attempt 1] DBStats beforePrepare: sql.DBStats{MaxOpenConnections:1, OpenConnections:1, InUse:1, Idle:0, WaitCount:1, WaitDuration:6599900, MaxIdleClosed:0, MaxIdleTimeClosed:0, MaxLifetimeClosed:0}, afterPrepare: sql.DBStats{MaxOpenConnections:1, OpenConnections:1, InUse:1, Idle:0, WaitCount:4, WaitDuration:9395400, MaxIdleClosed:0, MaxIdleTimeClosed:0, MaxLifetimeClosed:0}
I0911 13:31:21.747025   14716 executor.go:90] [operation "GetAllBusinesses" attempt 1] DBStats beforeRun: sql.DBStats{MaxOpenConnections:1, OpenConnections:1, InUse:1, Idle:0, WaitCount:3, WaitDuration:6599900, MaxIdleClosed:0, MaxIdleTimeClosed:0, MaxLifetimeClosed:0}, afterRun: sql.DBStats{MaxOpenConnections:1, OpenConnections:1, InUse:1, Idle:0, WaitCount:6, WaitDuration:15156100, MaxIdleClosed:0, MaxIdleTimeClosed:0, MaxLifetimeClosed:0}
I0911 13:31:21.747025   14716 engine.go:174] [/emulator/nakevlink-dataconnect f466] ExecuteQuery GetAllBusinesses: succeeded. Connector: nakevlink-connector
I0911 13:31:21.758355   14716 executor.go:90] [operation "GetUserForRecommendations" attempt 1] DBStats beforeRun: sql.DBStats{MaxOpenConnections:1, OpenConnections:1, InUse:1, Idle:0, WaitCount:4, WaitDuration:9395400, MaxIdleClosed:0, MaxIdleTimeClosed:0, MaxLifetimeClosed:0}, afterRun: sql.DBStats{MaxOpenConnections:1, OpenConnections:1, InUse:1, Idle:0, WaitCount:6, WaitDuration:37437600, MaxIdleClosed:0, MaxIdleTimeClosed:0, MaxLifetimeClosed:0}
I0911 13:31:21.758355   14716 engine.go:174] [/emulator/nakevlink-dataconnect f466] ExecuteQuery GetUserForRecommendations: succeeded. Connector: nakevlink-connector
I0911 13:31:21.761712   14716 executor.go:90] [operation "GetAllBusinesses" attempt 1] DBStats beforeRun: sql.DBStats{MaxOpenConnections:1, OpenConnections:1, InUse:1, Idle:0, WaitCount:2, WaitDuration:6599900, MaxIdleClosed:0, MaxIdleTimeClosed:0, MaxLifetimeClosed:0}, afterRun: sql.DBStats{MaxOpenConnections:1, OpenConnections:1, InUse:1, Idle:0, WaitCount:6, WaitDuration:37437600, MaxIdleClosed:0, MaxIdleTimeClosed:0, MaxLifetimeClosed:0}
I0911 13:31:21.761712   14716 engine.go:174] [/emulator/nakevlink-dataconnect f466] ExecuteQuery GetAllBusinesses: succeeded. Connector: nakevlink-connector
I0911 13:31:21.766795   14716 executor.go:90] [operation "GetUserForRecommendations" attempt 1] DBStats beforeRun: sql.DBStats{MaxOpenConnections:1, OpenConnections:1, InUse:1, Idle:0, WaitCount:5, WaitDuration:9395400, MaxIdleClosed:0, MaxIdleTimeClosed:0, MaxLifetimeClosed:0}, afterRun: sql.DBStats{MaxOpenConnections:1, OpenConnections:1, InUse:0, Idle:1, WaitCount:6, WaitDuration:55040500, MaxIdleClosed:0, MaxIdleTimeClosed:0, MaxLifetimeClosed:0}
I0911 13:31:21.767424   14716 engine.go:174] [/emulator/nakevlink-dataconnect f466] ExecuteQuery GetUserForRecommendations: succeeded. Connector: nakevlink-connector
I0911 13:31:21.795193   14716 prepare.go:129] [operation "GetBusinessesForRecommendations" attempt 1] preparePlan succeeded
I0911 13:31:21.795193   14716 prepare.go:120] [operation "GetBusinessesForRecommendations" attempt 1] DBStats beforePrepare: sql.DBStats{MaxOpenConnections:1, OpenConnections:1, InUse:0, Idle:1, WaitCount:6, WaitDuration:55040500, MaxIdleClosed:0, MaxIdleTimeClosed:0, MaxLifetimeClosed:0}, afterPrepare: sql.DBStats{MaxOpenConnections:1, OpenConnections:1, InUse:0, Idle:1, WaitCount:6, WaitDuration:55040500, MaxIdleClosed:0, MaxIdleTimeClosed:0, MaxLifetimeClosed:0}
I0911 13:31:21.798401   14716 executor.go:90] [operation "GetBusinessesForRecommendations" attempt 1] DBStats beforeRun: sql.DBStats{MaxOpenConnections:1, OpenConnections:1, InUse:0, Idle:1, WaitCount:6, WaitDuration:55040500, MaxIdleClosed:0, MaxIdleTimeClosed:0, MaxLifetimeClosed:0}, afterRun: sql.DBStats{MaxOpenConnections:1, OpenConnections:1, InUse:1, Idle:0, WaitCount:7, WaitDuration:55040500, MaxIdleClosed:0, MaxIdleTimeClosed:0, MaxLifetimeClosed:0}
I0911 13:31:21.799054   14716 engine.go:174] [/emulator/nakevlink-dataconnect f466] ExecuteQuery GetBusinessesForRecommendations: succeeded. Connector: nakevlink-connector
I0911 13:31:21.801794   14716 executor.go:90] [operation "GetBusinessesForRecommendations" attempt 1] DBStats beforeRun: sql.DBStats{MaxOpenConnections:1, OpenConnections:1, InUse:1, Idle:0, WaitCount:6, WaitDuration:55040500, MaxIdleClosed:0, MaxIdleTimeClosed:0, MaxLifetimeClosed:0}, afterRun: sql.DBStats{MaxOpenConnections:1, OpenConnections:1, InUse:0, Idle:1, WaitCount:7, WaitDuration:58901200, MaxIdleClosed:0, MaxIdleTimeClosed:0, MaxLifetimeClosed:0}
I0911 13:31:21.801794   14716 engine.go:174] [/emulator/nakevlink-dataconnect f466] ExecuteQuery GetBusinessesForRecommendations: succeeded. Connector: nakevlink-connector
I0911 13:35:15.162664   14716 executor.go:90] [operation "GetBusinessByEmail" attempt 1] DBStats beforeRun: sql.DBStats{MaxOpenConnections:1, OpenConnections:1, InUse:0, Idle:1, WaitCount:7, WaitDuration:58901200, MaxIdleClosed:0, MaxIdleTimeClosed:0, MaxLifetimeClosed:0}, afterRun: sql.DBStats{MaxOpenConnections:1, OpenConnections:1, InUse:0, Idle:1, WaitCount:7, WaitDuration:58901200, MaxIdleClosed:0, MaxIdleTimeClosed:0, MaxLifetimeClosed:0}
I0911 13:35:15.162664   14716 engine.go:174] [/emulator/nakevlink-dataconnect f466] ExecuteQuery GetBusinessByEmail: succeeded. Connector: nakevlink-connector
I0911 13:35:15.499156   14716 prepare.go:129] [operation "CreateBusiness" attempt 1] preparePlan succeeded
I0911 13:35:15.499156   14716 prepare.go:120] [operation "CreateBusiness" attempt 1] DBStats beforePrepare: sql.DBStats{MaxOpenConnections:1, OpenConnections:1, InUse:0, Idle:1, WaitCount:7, WaitDuration:58901200, MaxIdleClosed:0, MaxIdleTimeClosed:0, MaxLifetimeClosed:0}, afterPrepare: sql.DBStats{MaxOpenConnections:1, OpenConnections:1, InUse:0, Idle:1, WaitCount:7, WaitDuration:58901200, MaxIdleClosed:0, MaxIdleTimeClosed:0, MaxLifetimeClosed:0}
I0911 13:35:15.556989   14716 executor.go:90] [operation "CreateBusiness" attempt 1] DBStats beforeRun: sql.DBStats{MaxOpenConnections:1, OpenConnections:1, InUse:0, Idle:1, WaitCount:7, WaitDuration:58901200, MaxIdleClosed:0, MaxIdleTimeClosed:0, MaxLifetimeClosed:0}, afterRun: sql.DBStats{MaxOpenConnections:1, OpenConnections:1, InUse:0, Idle:1, WaitCount:7, WaitDuration:58901200, MaxIdleClosed:0, MaxIdleTimeClosed:0, MaxLifetimeClosed:0}
I0911 13:35:15.557751   14716 engine.go:174] [/emulator/nakevlink-dataconnect f466] ExecuteMutation CreateBusiness: succeeded. Connector: nakevlink-connector
I0911 13:35:15.702863   14716 executor.go:90] [operation "GetBusinessByEmail" attempt 1] DBStats beforeRun: sql.DBStats{MaxOpenConnections:1, OpenConnections:1, InUse:0, Idle:1, WaitCount:7, WaitDuration:58901200, MaxIdleClosed:0, MaxIdleTimeClosed:0, MaxLifetimeClosed:0}, afterRun: sql.DBStats{MaxOpenConnections:1, OpenConnections:1, InUse:1, Idle:0, WaitCount:8, WaitDuration:58901200, MaxIdleClosed:0, MaxIdleTimeClosed:0, MaxLifetimeClosed:0}
I0911 13:35:15.703504   14716 engine.go:174] [/emulator/nakevlink-dataconnect f466] ExecuteQuery GetBusinessByEmail: succeeded. Connector: nakevlink-connector
I0911 13:35:15.724526   14716 executor.go:90] [operation "GetBusinessByEmail" attempt 1] DBStats beforeRun: sql.DBStats{MaxOpenConnections:1, OpenConnections:1, InUse:1, Idle:0, WaitCount:7, WaitDuration:58901200, MaxIdleClosed:0, MaxIdleTimeClosed:0, MaxLifetimeClosed:0}, afterRun: sql.DBStats{MaxOpenConnections:1, OpenConnections:1, InUse:0, Idle:1, WaitCount:8, WaitDuration:76391200, MaxIdleClosed:0, MaxIdleTimeClosed:0, MaxLifetimeClosed:0}
I0911 13:35:15.724526   14716 engine.go:174] [/emulator/nakevlink-dataconnect f466] ExecuteQuery GetBusinessByEmail: succeeded. Connector: nakevlink-connector
I0911 13:35:15.731617   14716 prepare.go:129] [operation "GetBusinessPunchCards" attempt 1] preparePlan succeeded
I0911 13:35:15.731617   14716 prepare.go:120] [operation "GetBusinessPunchCards" attempt 1] DBStats beforePrepare: sql.DBStats{MaxOpenConnections:1, OpenConnections:1, InUse:0, Idle:1, WaitCount:8, WaitDuration:76391200, MaxIdleClosed:0, MaxIdleTimeClosed:0, MaxLifetimeClosed:0}, afterPrepare: sql.DBStats{MaxOpenConnections:1, OpenConnections:1, InUse:0, Idle:1, WaitCount:8, WaitDuration:76391200, MaxIdleClosed:0, MaxIdleTimeClosed:0, MaxLifetimeClosed:0}
I0911 13:35:15.736798   14716 executor.go:90] [operation "GetBusinessPunchCards" attempt 1] DBStats beforeRun: sql.DBStats{MaxOpenConnections:1, OpenConnections:1, InUse:0, Idle:1, WaitCount:8, WaitDuration:76391200, MaxIdleClosed:0, MaxIdleTimeClosed:0, MaxLifetimeClosed:0}, afterRun: sql.DBStats{MaxOpenConnections:1, OpenConnections:1, InUse:0, Idle:1, WaitCount:8, WaitDuration:76391200, MaxIdleClosed:0, MaxIdleTimeClosed:0, MaxLifetimeClosed:0}
I0911 13:35:15.737588   14716 engine.go:174] [/emulator/nakevlink-dataconnect f466] ExecuteQuery GetBusinessPunchCards: succeeded. Connector: nakevlink-connector
I0911 13:35:15.752487   14716 executor.go:90] [operation "GetBusinessPunchCards" attempt 1] DBStats beforeRun: sql.DBStats{MaxOpenConnections:1, OpenConnections:1, InUse:0, Idle:1, WaitCount:8, WaitDuration:76391200, MaxIdleClosed:0, MaxIdleTimeClosed:0, MaxLifetimeClosed:0}, afterRun: sql.DBStats{MaxOpenConnections:1, OpenConnections:1, InUse:0, Idle:1, WaitCount:8, WaitDuration:76391200, MaxIdleClosed:0, MaxIdleTimeClosed:0, MaxLifetimeClosed:0}
I0911 13:35:15.752487   14716 engine.go:174] [/emulator/nakevlink-dataconnect f466] ExecuteQuery GetBusinessPunchCards: succeeded. Connector: nakevlink-connector
I0911 13:35:44.462334   14716 executor.go:90] [operation "GetBusinessByEmail" attempt 1] DBStats beforeRun: sql.DBStats{MaxOpenConnections:1, OpenConnections:1, InUse:0, Idle:1, WaitCount:8, WaitDuration:76391200, MaxIdleClosed:0, MaxIdleTimeClosed:0, MaxLifetimeClosed:0}, afterRun: sql.DBStats{MaxOpenConnections:1, OpenConnections:1, InUse:1, Idle:0, WaitCount:12, WaitDuration:76391200, MaxIdleClosed:0, MaxIdleTimeClosed:0, MaxLifetimeClosed:0}
I0911 13:35:44.462767   14716 engine.go:174] [/emulator/nakevlink-dataconnect f466] ExecuteQuery GetBusinessByEmail: succeeded. Connector: nakevlink-connector
I0911 13:35:44.468394   14716 executor.go:90] [operation "GetUserForRecommendations" attempt 1] DBStats beforeRun: sql.DBStats{MaxOpenConnections:1, OpenConnections:1, InUse:1, Idle:0, WaitCount:9, WaitDuration:76391200, MaxIdleClosed:0, MaxIdleTimeClosed:0, MaxLifetimeClosed:0}, afterRun: sql.DBStats{MaxOpenConnections:1, OpenConnections:1, InUse:1, Idle:0, WaitCount:12, WaitDuration:77462100, MaxIdleClosed:0, MaxIdleTimeClosed:0, MaxLifetimeClosed:0}
I0911 13:35:44.468394   14716 engine.go:174] [/emulator/nakevlink-dataconnect f466] ExecuteQuery GetUserForRecommendations: succeeded. Connector: nakevlink-connector
I0911 13:35:44.488825   14716 executor.go:90] [operation "GetAllBusinesses" attempt 1] DBStats beforeRun: sql.DBStats{MaxOpenConnections:1, OpenConnections:1, InUse:1, Idle:0, WaitCount:9, WaitDuration:76391200, MaxIdleClosed:0, MaxIdleTimeClosed:0, MaxLifetimeClosed:0}, afterRun: sql.DBStats{MaxOpenConnections:1, OpenConnections:1, InUse:1, Idle:0, WaitCount:14, WaitDuration:84593000, MaxIdleClosed:0, MaxIdleTimeClosed:0, MaxLifetimeClosed:0}
I0911 13:35:44.488825   14716 engine.go:174] [/emulator/nakevlink-dataconnect f466] ExecuteQuery GetAllBusinesses: succeeded. Connector: nakevlink-connector
I0911 13:35:44.497279   14716 executor.go:90] [operation "GetUserForRecommendations" attempt 1] DBStats beforeRun: sql.DBStats{MaxOpenConnections:1, OpenConnections:1, InUse:1, Idle:0, WaitCount:11, WaitDuration:76391200, MaxIdleClosed:0, MaxIdleTimeClosed:0, MaxLifetimeClosed:0}, afterRun: sql.DBStats{MaxOpenConnections:1, OpenConnections:1, InUse:1, Idle:0, WaitCount:14, WaitDuration:111598800, MaxIdleClosed:0, MaxIdleTimeClosed:0, MaxLifetimeClosed:0}
I0911 13:35:44.497279   14716 engine.go:174] [/emulator/nakevlink-dataconnect f466] ExecuteQuery GetUserForRecommendations: succeeded. Connector: nakevlink-connector
I0911 13:35:44.517998   14716 executor.go:90] [operation "GetAllBusinesses" attempt 1] DBStats beforeRun: sql.DBStats{MaxOpenConnections:1, OpenConnections:1, InUse:1, Idle:0, WaitCount:8, WaitDuration:76391200, MaxIdleClosed:0, MaxIdleTimeClosed:0, MaxLifetimeClosed:0}, afterRun: sql.DBStats{MaxOpenConnections:1, OpenConnections:1, InUse:1, Idle:0, WaitCount:14, WaitDuration:151189700, MaxIdleClosed:0, MaxIdleTimeClosed:0, MaxLifetimeClosed:0}
I0911 13:35:44.517998   14716 engine.go:174] [/emulator/nakevlink-dataconnect f466] ExecuteQuery GetAllBusinesses: succeeded. Connector: nakevlink-connector
I0911 13:35:44.524030   14716 executor.go:90] [operation "GetUserForRecommendations" attempt 1] DBStats beforeRun: sql.DBStats{MaxOpenConnections:1, OpenConnections:1, InUse:1, Idle:0, WaitCount:12, WaitDuration:84593000, MaxIdleClosed:0, MaxIdleTimeClosed:0, MaxLifetimeClosed:0}, afterRun: sql.DBStats{MaxOpenConnections:1, OpenConnections:1, InUse:1, Idle:0, WaitCount:14, WaitDuration:184079700, MaxIdleClosed:0, MaxIdleTimeClosed:0, MaxLifetimeClosed:0}
I0911 13:35:44.524030   14716 engine.go:174] [/emulator/nakevlink-dataconnect f466] ExecuteQuery GetUserForRecommendations: succeeded. Connector: nakevlink-connector
I0911 13:35:44.547208   14716 executor.go:90] [operation "GetBusinessesForRecommendations" attempt 1] DBStats beforeRun: sql.DBStats{MaxOpenConnections:1, OpenConnections:1, InUse:1, Idle:0, WaitCount:13, WaitDuration:84593000, MaxIdleClosed:0, MaxIdleTimeClosed:0, MaxLifetimeClosed:0}, afterRun: sql.DBStats{MaxOpenConnections:1, OpenConnections:1, InUse:0, Idle:1, WaitCount:14, WaitDuration:221646700, MaxIdleClosed:0, MaxIdleTimeClosed:0, MaxLifetimeClosed:0}
I0911 13:35:44.547208   14716 engine.go:174] [/emulator/nakevlink-dataconnect f466] ExecuteQuery GetBusinessesForRecommendations: succeeded. Connector: nakevlink-connector
I0911 13:35:44.575548   14716 executor.go:90] [operation "GetBusinessesForRecommendations" attempt 1] DBStats beforeRun: sql.DBStats{MaxOpenConnections:1, OpenConnections:1, InUse:0, Idle:1, WaitCount:14, WaitDuration:221646700, MaxIdleClosed:0, MaxIdleTimeClosed:0, MaxLifetimeClosed:0}, afterRun: sql.DBStats{MaxOpenConnections:1, OpenConnections:1, InUse:0, Idle:1, WaitCount:14, WaitDuration:221646700, MaxIdleClosed:0, MaxIdleTimeClosed:0, MaxLifetimeClosed:0}
I0911 13:35:44.576200   14716 engine.go:174] [/emulator/nakevlink-dataconnect f466] ExecuteQuery GetBusinessesForRecommendations: succeeded. Connector: nakevlink-connector
I0911 13:35:44.621619   14716 executor.go:90] [operation "GetBusinessesForRecommendations" attempt 1] DBStats beforeRun: sql.DBStats{MaxOpenConnections:1, OpenConnections:1, InUse:0, Idle:1, WaitCount:14, WaitDuration:221646700, MaxIdleClosed:0, MaxIdleTimeClosed:0, MaxLifetimeClosed:0}, afterRun: sql.DBStats{MaxOpenConnections:1, OpenConnections:1, InUse:0, Idle:1, WaitCount:14, WaitDuration:221646700, MaxIdleClosed:0, MaxIdleTimeClosed:0, MaxLifetimeClosed:0}
I0911 13:35:44.621619   14716 engine.go:174] [/emulator/nakevlink-dataconnect f466] ExecuteQuery GetBusinessesForRecommendations: succeeded. Connector: nakevlink-connector
I0911 13:37:24.729991   14716 prepare.go:129] [operation "GetBusiness" attempt 1] preparePlan succeeded
I0911 13:37:24.729991   14716 prepare.go:120] [operation "GetBusiness" attempt 1] DBStats beforePrepare: sql.DBStats{MaxOpenConnections:1, OpenConnections:1, InUse:0, Idle:1, WaitCount:14, WaitDuration:221646700, MaxIdleClosed:0, MaxIdleTimeClosed:0, MaxLifetimeClosed:0}, afterPrepare: sql.DBStats{MaxOpenConnections:1, OpenConnections:1, InUse:0, Idle:1, WaitCount:14, WaitDuration:221646700, MaxIdleClosed:0, MaxIdleTimeClosed:0, MaxLifetimeClosed:0}
I0911 13:37:24.749741   14716 executor.go:90] [operation "GetBusiness" attempt 1] DBStats beforeRun: sql.DBStats{MaxOpenConnections:1, OpenConnections:1, InUse:0, Idle:1, WaitCount:14, WaitDuration:221646700, MaxIdleClosed:0, MaxIdleTimeClosed:0, MaxLifetimeClosed:0}, afterRun: sql.DBStats{MaxOpenConnections:1, OpenConnections:1, InUse:1, Idle:0, WaitCount:15, WaitDuration:221646700, MaxIdleClosed:0, MaxIdleTimeClosed:0, MaxLifetimeClosed:0}
I0911 13:37:24.749741   14716 engine.go:174] [/emulator/nakevlink-dataconnect f466] ExecuteQuery GetBusiness: succeeded. Connector: nakevlink-connector
I0911 13:37:24.774874   14716 executor.go:90] [operation "GetBusiness" attempt 1] DBStats beforeRun: sql.DBStats{MaxOpenConnections:1, OpenConnections:1, InUse:1, Idle:0, WaitCount:14, WaitDuration:221646700, MaxIdleClosed:0, MaxIdleTimeClosed:0, MaxLifetimeClosed:0}, afterRun: sql.DBStats{MaxOpenConnections:1, OpenConnections:1, InUse:1, Idle:0, WaitCount:16, WaitDuration:241396800, MaxIdleClosed:0, MaxIdleTimeClosed:0, MaxLifetimeClosed:0}
I0911 13:37:24.774874   14716 engine.go:174] [/emulator/nakevlink-dataconnect f466] ExecuteQuery GetBusiness: succeeded. Connector: nakevlink-connector
I0911 13:37:24.780894   14716 prepare.go:129] [operation "GetActiveUserPunchCardForBusiness" attempt 1] preparePlan succeeded
I0911 13:37:24.780894   14716 prepare.go:120] [operation "GetActiveUserPunchCardForBusiness" attempt 1] DBStats beforePrepare: sql.DBStats{MaxOpenConnections:1, OpenConnections:1, InUse:1, Idle:0, WaitCount:15, WaitDuration:241396800, MaxIdleClosed:0, MaxIdleTimeClosed:0, MaxLifetimeClosed:0}, afterPrepare: sql.DBStats{MaxOpenConnections:1, OpenConnections:1, InUse:0, Idle:1, WaitCount:16, WaitDuration:243341000, MaxIdleClosed:0, MaxIdleTimeClosed:0, MaxLifetimeClosed:0}
I0911 13:37:24.788220   14716 executor.go:90] [operation "GetActiveUserPunchCardForBusiness" attempt 1] DBStats beforeRun: sql.DBStats{MaxOpenConnections:1, OpenConnections:1, InUse:0, Idle:1, WaitCount:16, WaitDuration:243341000, MaxIdleClosed:0, MaxIdleTimeClosed:0, MaxLifetimeClosed:0}, afterRun: sql.DBStats{MaxOpenConnections:1, OpenConnections:1, InUse:0, Idle:1, WaitCount:16, WaitDuration:243341000, MaxIdleClosed:0, MaxIdleTimeClosed:0, MaxLifetimeClosed:0}
I0911 13:37:24.788628   14716 engine.go:174] [/emulator/nakevlink-dataconnect f466] ExecuteQuery GetActiveUserPunchCardForBusiness: succeeded. Connector: nakevlink-connector
I0911 13:37:24.816529   14716 executor.go:90] [operation "GetActiveUserPunchCardForBusiness" attempt 1] DBStats beforeRun: sql.DBStats{MaxOpenConnections:1, OpenConnections:1, InUse:0, Idle:1, WaitCount:16, WaitDuration:243341000, MaxIdleClosed:0, MaxIdleTimeClosed:0, MaxLifetimeClosed:0}, afterRun: sql.DBStats{MaxOpenConnections:1, OpenConnections:1, InUse:0, Idle:1, WaitCount:16, WaitDuration:243341000, MaxIdleClosed:0, MaxIdleTimeClosed:0, MaxLifetimeClosed:0}
I0911 13:37:24.816529   14716 engine.go:174] [/emulator/nakevlink-dataconnect f466] ExecuteQuery GetActiveUserPunchCardForBusiness: succeeded. Connector: nakevlink-connector
I0911 13:37:27.342627   14716 executor.go:90] [operation "GetAllBusinesses" attempt 1] DBStats beforeRun: sql.DBStats{MaxOpenConnections:1, OpenConnections:1, InUse:0, Idle:1, WaitCount:16, WaitDuration:243341000, MaxIdleClosed:0, MaxIdleTimeClosed:0, MaxLifetimeClosed:0}, afterRun: sql.DBStats{MaxOpenConnections:1, OpenConnections:1, InUse:1, Idle:0, WaitCount:17, WaitDuration:243341000, MaxIdleClosed:0, MaxIdleTimeClosed:0, MaxLifetimeClosed:0}
I0911 13:37:27.342627   14716 engine.go:174] [/emulator/nakevlink-dataconnect f466] ExecuteQuery GetAllBusinesses: succeeded. Connector: nakevlink-connector
I0911 13:37:27.360560   14716 executor.go:90] [operation "GetAllBusinesses" attempt 1] DBStats beforeRun: sql.DBStats{MaxOpenConnections:1, OpenConnections:1, InUse:1, Idle:0, WaitCount:16, WaitDuration:243341000, MaxIdleClosed:0, MaxIdleTimeClosed:0, MaxLifetimeClosed:0}, afterRun: sql.DBStats{MaxOpenConnections:1, OpenConnections:1, InUse:0, Idle:1, WaitCount:17, WaitDuration:259587900, MaxIdleClosed:0, MaxIdleTimeClosed:0, MaxLifetimeClosed:0}
I0911 13:37:27.360560   14716 engine.go:174] [/emulator/nakevlink-dataconnect f466] ExecuteQuery GetAllBusinesses: succeeded. Connector: nakevlink-connector
I0911 13:38:22.914524   14716 executor.go:90] [operation "GetBusiness" attempt 1] DBStats beforeRun: sql.DBStats{MaxOpenConnections:1, OpenConnections:1, InUse:0, Idle:1, WaitCount:17, WaitDuration:259587900, MaxIdleClosed:0, MaxIdleTimeClosed:0, MaxLifetimeClosed:0}, afterRun: sql.DBStats{MaxOpenConnections:1, OpenConnections:1, InUse:1, Idle:0, WaitCount:18, WaitDuration:259587900, MaxIdleClosed:0, MaxIdleTimeClosed:0, MaxLifetimeClosed:0}
I0911 13:38:22.915130   14716 engine.go:174] [/emulator/nakevlink-dataconnect f466] ExecuteQuery GetBusiness: succeeded. Connector: nakevlink-connector
I0911 13:38:22.938958   14716 executor.go:90] [operation "GetBusiness" attempt 1] DBStats beforeRun: sql.DBStats{MaxOpenConnections:1, OpenConnections:1, InUse:1, Idle:0, WaitCount:17, WaitDuration:259587900, MaxIdleClosed:0, MaxIdleTimeClosed:0, MaxLifetimeClosed:0}, afterRun: sql.DBStats{MaxOpenConnections:1, OpenConnections:1, InUse:1, Idle:0, WaitCount:19, WaitDuration:279061000, MaxIdleClosed:0, MaxIdleTimeClosed:0, MaxLifetimeClosed:0}
I0911 13:38:22.938958   14716 engine.go:174] [/emulator/nakevlink-dataconnect f466] ExecuteQuery GetBusiness: succeeded. Connector: nakevlink-connector
I0911 13:38:22.947436   14716 executor.go:90] [operation "GetActiveUserPunchCardForBusiness" attempt 1] DBStats beforeRun: sql.DBStats{MaxOpenConnections:1, OpenConnections:1, InUse:1, Idle:0, WaitCount:18, WaitDuration:279061000, MaxIdleClosed:0, MaxIdleTimeClosed:0, MaxLifetimeClosed:0}, afterRun: sql.DBStats{MaxOpenConnections:1, OpenConnections:1, InUse:0, Idle:1, WaitCount:19, WaitDuration:279792000, MaxIdleClosed:0, MaxIdleTimeClosed:0, MaxLifetimeClosed:0}
I0911 13:38:22.947436   14716 engine.go:174] [/emulator/nakevlink-dataconnect f466] ExecuteQuery GetActiveUserPunchCardForBusiness: succeeded. Connector: nakevlink-connector
I0911 13:38:22.982974   14716 executor.go:90] [operation "GetActiveUserPunchCardForBusiness" attempt 1] DBStats beforeRun: sql.DBStats{MaxOpenConnections:1, OpenConnections:1, InUse:0, Idle:1, WaitCount:19, WaitDuration:279792000, MaxIdleClosed:0, MaxIdleTimeClosed:0, MaxLifetimeClosed:0}, afterRun: sql.DBStats{MaxOpenConnections:1, OpenConnections:1, InUse:0, Idle:1, WaitCount:19, WaitDuration:279792000, MaxIdleClosed:0, MaxIdleTimeClosed:0, MaxLifetimeClosed:0}
I0911 13:38:22.983751   14716 engine.go:174] [/emulator/nakevlink-dataconnect f466] ExecuteQuery GetActiveUserPunchCardForBusiness: succeeded. Connector: nakevlink-connector
I0911 13:41:14.579432   14716 prepare.go:129] [operation "CreatePunchCard" attempt 1] preparePlan succeeded
I0911 13:41:14.579840   14716 prepare.go:120] [operation "CreatePunchCard" attempt 1] DBStats beforePrepare: sql.DBStats{MaxOpenConnections:1, OpenConnections:1, InUse:0, Idle:1, WaitCount:19, WaitDuration:279792000, MaxIdleClosed:0, MaxIdleTimeClosed:0, MaxLifetimeClosed:0}, afterPrepare: sql.DBStats{MaxOpenConnections:1, OpenConnections:1, InUse:0, Idle:1, WaitCount:19, WaitDuration:279792000, MaxIdleClosed:0, MaxIdleTimeClosed:0, MaxLifetimeClosed:0}
I0911 13:41:14.593889   14716 executor.go:90] [operation "CreatePunchCard" attempt 1] DBStats beforeRun: sql.DBStats{MaxOpenConnections:1, OpenConnections:1, InUse:0, Idle:1, WaitCount:19, WaitDuration:279792000, MaxIdleClosed:0, MaxIdleTimeClosed:0, MaxLifetimeClosed:0}, afterRun: sql.DBStats{MaxOpenConnections:1, OpenConnections:1, InUse:0, Idle:1, WaitCount:19, WaitDuration:279792000, MaxIdleClosed:0, MaxIdleTimeClosed:0, MaxLifetimeClosed:0}
I0911 13:41:14.593889   14716 engine.go:174] [/emulator/nakevlink-dataconnect f466] ExecuteMutation CreatePunchCard: succeeded. Connector: nakevlink-connector
I0911 13:41:14.630183   14716 prepare.go:129] [operation "GetPunchCardById" attempt 1] preparePlan succeeded
I0911 13:41:14.630752   14716 prepare.go:120] [operation "GetPunchCardById" attempt 1] DBStats beforePrepare: sql.DBStats{MaxOpenConnections:1, OpenConnections:1, InUse:0, Idle:1, WaitCount:19, WaitDuration:279792000, MaxIdleClosed:0, MaxIdleTimeClosed:0, MaxLifetimeClosed:0}, afterPrepare: sql.DBStats{MaxOpenConnections:1, OpenConnections:1, InUse:0, Idle:1, WaitCount:19, WaitDuration:279792000, MaxIdleClosed:0, MaxIdleTimeClosed:0, MaxLifetimeClosed:0}
I0911 13:41:14.650627   14716 executor.go:90] [operation "GetPunchCardById" attempt 1] DBStats beforeRun: sql.DBStats{MaxOpenConnections:1, OpenConnections:1, InUse:0, Idle:1, WaitCount:19, WaitDuration:279792000, MaxIdleClosed:0, MaxIdleTimeClosed:0, MaxLifetimeClosed:0}, afterRun: sql.DBStats{MaxOpenConnections:1, OpenConnections:1, InUse:1, Idle:0, WaitCount:20, WaitDuration:279792000, MaxIdleClosed:0, MaxIdleTimeClosed:0, MaxLifetimeClosed:0}
I0911 13:41:14.651278   14716 engine.go:174] [/emulator/nakevlink-dataconnect f466] ExecuteQuery GetPunchCardById: succeeded. Connector: nakevlink-connector
I0911 13:41:14.672755   14716 executor.go:90] [operation "GetPunchCardById" attempt 1] DBStats beforeRun: sql.DBStats{MaxOpenConnections:1, OpenConnections:1, InUse:1, Idle:0, WaitCount:19, WaitDuration:279792000, MaxIdleClosed:0, MaxIdleTimeClosed:0, MaxLifetimeClosed:0}, afterRun: sql.DBStats{MaxOpenConnections:1, OpenConnections:1, InUse:1, Idle:0, WaitCount:21, WaitDuration:299666900, MaxIdleClosed:0, MaxIdleTimeClosed:0, MaxLifetimeClosed:0}
I0911 13:41:14.672755   14716 engine.go:174] [/emulator/nakevlink-dataconnect f466] ExecuteQuery GetPunchCardById: succeeded. Connector: nakevlink-connector
I0911 13:41:14.677445   14716 prepare.go:129] [operation "GetPunchesForCard" attempt 1] preparePlan succeeded
I0911 13:41:14.677445   14716 prepare.go:120] [operation "GetPunchesForCard" attempt 1] DBStats beforePrepare: sql.DBStats{MaxOpenConnections:1, OpenConnections:1, InUse:1, Idle:0, WaitCount:20, WaitDuration:299666900, MaxIdleClosed:0, MaxIdleTimeClosed:0, MaxLifetimeClosed:0}, afterPrepare: sql.DBStats{MaxOpenConnections:1, OpenConnections:1, InUse:0, Idle:1, WaitCount:21, WaitDuration:303534100, MaxIdleClosed:0, MaxIdleTimeClosed:0, MaxLifetimeClosed:0}
I0911 13:41:14.684955   14716 executor.go:90] [operation "GetPunchesForCard" attempt 1] DBStats beforeRun: sql.DBStats{MaxOpenConnections:1, OpenConnections:1, InUse:0, Idle:1, WaitCount:21, WaitDuration:303534100, MaxIdleClosed:0, MaxIdleTimeClosed:0, MaxLifetimeClosed:0}, afterRun: sql.DBStats{MaxOpenConnections:1, OpenConnections:1, InUse:0, Idle:1, WaitCount:21, WaitDuration:303534100, MaxIdleClosed:0, MaxIdleTimeClosed:0, MaxLifetimeClosed:0}
I0911 13:41:14.684955   14716 engine.go:174] [/emulator/nakevlink-dataconnect f466] ExecuteQuery GetPunchesForCard: succeeded. Connector: nakevlink-connector
I0911 13:41:14.694882   14716 executor.go:90] [operation "GetPunchesForCard" attempt 1] DBStats beforeRun: sql.DBStats{MaxOpenConnections:1, OpenConnections:1, InUse:0, Idle:1, WaitCount:21, WaitDuration:303534100, MaxIdleClosed:0, MaxIdleTimeClosed:0, MaxLifetimeClosed:0}, afterRun: sql.DBStats{MaxOpenConnections:1, OpenConnections:1, InUse:0, Idle:1, WaitCount:21, WaitDuration:303534100, MaxIdleClosed:0, MaxIdleTimeClosed:0, MaxLifetimeClosed:0}
I0911 13:41:14.695410   14716 engine.go:174] [/emulator/nakevlink-dataconnect f466] ExecuteQuery GetPunchesForCard: succeeded. Connector: nakevlink-connector
I0911 13:41:39.737784   14716 executor.go:90] [operation "GetPunchCardById" attempt 1] DBStats beforeRun: sql.DBStats{MaxOpenConnections:1, OpenConnections:1, InUse:0, Idle:1, WaitCount:21, WaitDuration:303534100, MaxIdleClosed:0, MaxIdleTimeClosed:0, MaxLifetimeClosed:0}, afterRun: sql.DBStats{MaxOpenConnections:1, OpenConnections:1, InUse:0, Idle:1, WaitCount:21, WaitDuration:303534100, MaxIdleClosed:0, MaxIdleTimeClosed:0, MaxLifetimeClosed:0}
I0911 13:41:39.737784   14716 engine.go:174] [/emulator/nakevlink-dataconnect f466] ExecuteQuery GetPunchCardById: succeeded. Connector: nakevlink-connector
I0911 13:41:39.758170   14716 executor.go:90] [operation "GetPunchesForCard" attempt 1] DBStats beforeRun: sql.DBStats{MaxOpenConnections:1, OpenConnections:1, InUse:0, Idle:1, WaitCount:21, WaitDuration:303534100, MaxIdleClosed:0, MaxIdleTimeClosed:0, MaxLifetimeClosed:0}, afterRun: sql.DBStats{MaxOpenConnections:1, OpenConnections:1, InUse:0, Idle:1, WaitCount:21, WaitDuration:303534100, MaxIdleClosed:0, MaxIdleTimeClosed:0, MaxLifetimeClosed:0}
I0911 13:41:39.758170   14716 engine.go:174] [/emulator/nakevlink-dataconnect f466] ExecuteQuery GetPunchesForCard: succeeded. Connector: nakevlink-connector
I0911 13:41:41.343080   14716 executor.go:90] [operation "GetPunchCardById" attempt 1] DBStats beforeRun: sql.DBStats{MaxOpenConnections:1, OpenConnections:1, InUse:0, Idle:1, WaitCount:21, WaitDuration:303534100, MaxIdleClosed:0, MaxIdleTimeClosed:0, MaxLifetimeClosed:0}, afterRun: sql.DBStats{MaxOpenConnections:1, OpenConnections:1, InUse:0, Idle:1, WaitCount:21, WaitDuration:303534100, MaxIdleClosed:0, MaxIdleTimeClosed:0, MaxLifetimeClosed:0}
I0911 13:41:41.343080   14716 engine.go:174] [/emulator/nakevlink-dataconnect f466] ExecuteQuery GetPunchCardById: succeeded. Connector: nakevlink-connector
I0911 13:41:41.362726   14716 executor.go:90] [operation "GetPunchesForCard" attempt 1] DBStats beforeRun: sql.DBStats{MaxOpenConnections:1, OpenConnections:1, InUse:0, Idle:1, WaitCount:21, WaitDuration:303534100, MaxIdleClosed:0, MaxIdleTimeClosed:0, MaxLifetimeClosed:0}, afterRun: sql.DBStats{MaxOpenConnections:1, OpenConnections:1, InUse:0, Idle:1, WaitCount:21, WaitDuration:303534100, MaxIdleClosed:0, MaxIdleTimeClosed:0, MaxLifetimeClosed:0}
I0911 13:41:41.362726   14716 engine.go:174] [/emulator/nakevlink-dataconnect f466] ExecuteQuery GetPunchesForCard: succeeded. Connector: nakevlink-connector
I0911 13:41:49.599337   14716 executor.go:90] [operation "GetPunchCardById" attempt 1] DBStats beforeRun: sql.DBStats{MaxOpenConnections:1, OpenConnections:1, InUse:0, Idle:1, WaitCount:21, WaitDuration:303534100, MaxIdleClosed:0, MaxIdleTimeClosed:0, MaxLifetimeClosed:0}, afterRun: sql.DBStats{MaxOpenConnections:1, OpenConnections:1, InUse:0, Idle:1, WaitCount:21, WaitDuration:303534100, MaxIdleClosed:0, MaxIdleTimeClosed:0, MaxLifetimeClosed:0}
I0911 13:41:49.600550   14716 engine.go:174] [/emulator/nakevlink-dataconnect f466] ExecuteQuery GetPunchCardById: succeeded. Connector: nakevlink-connector
I0911 13:41:49.620582   14716 executor.go:90] [operation "GetPunchesForCard" attempt 1] DBStats beforeRun: sql.DBStats{MaxOpenConnections:1, OpenConnections:1, InUse:0, Idle:1, WaitCount:21, WaitDuration:303534100, MaxIdleClosed:0, MaxIdleTimeClosed:0, MaxLifetimeClosed:0}, afterRun: sql.DBStats{MaxOpenConnections:1, OpenConnections:1, InUse:0, Idle:1, WaitCount:21, WaitDuration:303534100, MaxIdleClosed:0, MaxIdleTimeClosed:0, MaxLifetimeClosed:0}
I0911 13:41:49.620582   14716 engine.go:174] [/emulator/nakevlink-dataconnect f466] ExecuteQuery GetPunchesForCard: succeeded. Connector: nakevlink-connector
I0911 13:42:00.470257   14716 executor.go:90] [operation "GetUserPunchCards" attempt 1] DBStats beforeRun: sql.DBStats{MaxOpenConnections:1, OpenConnections:1, InUse:0, Idle:1, WaitCount:21, WaitDuration:303534100, MaxIdleClosed:0, MaxIdleTimeClosed:0, MaxLifetimeClosed:0}, afterRun: sql.DBStats{MaxOpenConnections:1, OpenConnections:1, InUse:1, Idle:0, WaitCount:22, WaitDuration:303534100, MaxIdleClosed:0, MaxIdleTimeClosed:0, MaxLifetimeClosed:0}
I0911 13:42:00.470257   14716 engine.go:174] [/emulator/nakevlink-dataconnect f466] ExecuteQuery GetUserPunchCards: succeeded. Connector: nakevlink-connector
I0911 13:42:00.491482   14716 executor.go:90] [operation "GetUserPunchCards" attempt 1] DBStats beforeRun: sql.DBStats{MaxOpenConnections:1, OpenConnections:1, InUse:1, Idle:0, WaitCount:21, WaitDuration:303534100, MaxIdleClosed:0, MaxIdleTimeClosed:0, MaxLifetimeClosed:0}, afterRun: sql.DBStats{MaxOpenConnections:1, OpenConnections:1, InUse:0, Idle:1, WaitCount:22, WaitDuration:318433600, MaxIdleClosed:0, MaxIdleTimeClosed:0, MaxLifetimeClosed:0}
I0911 13:42:00.491482   14716 engine.go:174] [/emulator/nakevlink-dataconnect f466] ExecuteQuery GetUserPunchCards: succeeded. Connector: nakevlink-connector
I0911 13:42:00.502749   14716 executor.go:90] [operation "GetPunchesForCard" attempt 1] DBStats beforeRun: sql.DBStats{MaxOpenConnections:1, OpenConnections:1, InUse:0, Idle:1, WaitCount:22, WaitDuration:318433600, MaxIdleClosed:0, MaxIdleTimeClosed:0, MaxLifetimeClosed:0}, afterRun: sql.DBStats{MaxOpenConnections:1, OpenConnections:1, InUse:0, Idle:1, WaitCount:22, WaitDuration:318433600, MaxIdleClosed:0, MaxIdleTimeClosed:0, MaxLifetimeClosed:0}
I0911 13:42:00.502749   14716 engine.go:174] [/emulator/nakevlink-dataconnect f466] ExecuteQuery GetPunchesForCard: succeeded. Connector: nakevlink-connector
I0911 13:42:00.515972   14716 executor.go:90] [operation "GetPunchesForCard" attempt 1] DBStats beforeRun: sql.DBStats{MaxOpenConnections:1, OpenConnections:1, InUse:0, Idle:1, WaitCount:22, WaitDuration:318433600, MaxIdleClosed:0, MaxIdleTimeClosed:0, MaxLifetimeClosed:0}, afterRun: sql.DBStats{MaxOpenConnections:1, OpenConnections:1, InUse:0, Idle:1, WaitCount:22, WaitDuration:318433600, MaxIdleClosed:0, MaxIdleTimeClosed:0, MaxLifetimeClosed:0}
I0911 13:42:00.515972   14716 engine.go:174] [/emulator/nakevlink-dataconnect f466] ExecuteQuery GetPunchesForCard: succeeded. Connector: nakevlink-connector
I0911 13:42:02.884941   14716 executor.go:90] [operation "GetAllBusinesses" attempt 1] DBStats beforeRun: sql.DBStats{MaxOpenConnections:1, OpenConnections:1, InUse:0, Idle:1, WaitCount:22, WaitDuration:318433600, MaxIdleClosed:0, MaxIdleTimeClosed:0, MaxLifetimeClosed:0}, afterRun: sql.DBStats{MaxOpenConnections:1, OpenConnections:1, InUse:1, Idle:0, WaitCount:25, WaitDuration:318433600, MaxIdleClosed:0, MaxIdleTimeClosed:0, MaxLifetimeClosed:0}
I0911 13:42:02.884941   14716 engine.go:174] [/emulator/nakevlink-dataconnect f466] ExecuteQuery GetAllBusinesses: succeeded. Connector: nakevlink-connector
I0911 13:42:02.909563   14716 executor.go:90] [operation "GetUserForRecommendations" attempt 1] DBStats beforeRun: sql.DBStats{MaxOpenConnections:1, OpenConnections:1, InUse:1, Idle:0, WaitCount:22, WaitDuration:318433600, MaxIdleClosed:0, MaxIdleTimeClosed:0, MaxLifetimeClosed:0}, afterRun: sql.DBStats{MaxOpenConnections:1, OpenConnections:1, InUse:1, Idle:0, WaitCount:25, WaitDuration:365042600, MaxIdleClosed:0, MaxIdleTimeClosed:0, MaxLifetimeClosed:0}
I0911 13:42:02.909563   14716 engine.go:174] [/emulator/nakevlink-dataconnect f466] ExecuteQuery GetUserForRecommendations: succeeded. Connector: nakevlink-connector
I0911 13:42:02.932294   14716 executor.go:90] [operation "GetAllBusinesses" attempt 1] DBStats beforeRun: sql.DBStats{MaxOpenConnections:1, OpenConnections:1, InUse:1, Idle:0, WaitCount:23, WaitDuration:318433600, MaxIdleClosed:0, MaxIdleTimeClosed:0, MaxLifetimeClosed:0}, afterRun: sql.DBStats{MaxOpenConnections:1, OpenConnections:1, InUse:1, Idle:0, WaitCount:25, WaitDuration:421219400, MaxIdleClosed:0, MaxIdleTimeClosed:0, MaxLifetimeClosed:0}
I0911 13:42:02.932294   14716 engine.go:174] [/emulator/nakevlink-dataconnect f466] ExecuteQuery GetAllBusinesses: succeeded. Connector: nakevlink-connector
I0911 13:42:02.959517   14716 executor.go:90] [operation "GetUserForRecommendations" attempt 1] DBStats beforeRun: sql.DBStats{MaxOpenConnections:1, OpenConnections:1, InUse:1, Idle:0, WaitCount:24, WaitDuration:318433600, MaxIdleClosed:0, MaxIdleTimeClosed:0, MaxLifetimeClosed:0}, afterRun: sql.DBStats{MaxOpenConnections:1, OpenConnections:1, InUse:1, Idle:0, WaitCount:26, WaitDuration:440024900, MaxIdleClosed:0, MaxIdleTimeClosed:0, MaxLifetimeClosed:0}
I0911 13:42:02.959517   14716 engine.go:174] [/emulator/nakevlink-dataconnect f466] ExecuteQuery GetUserForRecommendations: succeeded. Connector: nakevlink-connector
I0911 13:42:02.983478   14716 executor.go:90] [operation "GetBusinessesForRecommendations" attempt 1] DBStats beforeRun: sql.DBStats{MaxOpenConnections:1, OpenConnections:1, InUse:1, Idle:0, WaitCount:25, WaitDuration:421219400, MaxIdleClosed:0, MaxIdleTimeClosed:0, MaxLifetimeClosed:0}, afterRun: sql.DBStats{MaxOpenConnections:1, OpenConnections:1, InUse:0, Idle:1, WaitCount:26, WaitDuration:440024900, MaxIdleClosed:0, MaxIdleTimeClosed:0, MaxLifetimeClosed:0}
I0911 13:42:02.984096   14716 engine.go:174] [/emulator/nakevlink-dataconnect f466] ExecuteQuery GetBusinessesForRecommendations: succeeded. Connector: nakevlink-connector
I0911 13:42:03.024334   14716 executor.go:90] [operation "GetBusinessesForRecommendations" attempt 1] DBStats beforeRun: sql.DBStats{MaxOpenConnections:1, OpenConnections:1, InUse:0, Idle:1, WaitCount:26, WaitDuration:440024900, MaxIdleClosed:0, MaxIdleTimeClosed:0, MaxLifetimeClosed:0}, afterRun: sql.DBStats{MaxOpenConnections:1, OpenConnections:1, InUse:0, Idle:1, WaitCount:26, WaitDuration:440024900, MaxIdleClosed:0, MaxIdleTimeClosed:0, MaxLifetimeClosed:0}
I0911 13:42:03.024978   14716 engine.go:174] [/emulator/nakevlink-dataconnect f466] ExecuteQuery GetBusinessesForRecommendations: succeeded. Connector: nakevlink-connector
I0911 13:42:04.178438   14716 executor.go:90] [operation "GetUserPunchCards" attempt 1] DBStats beforeRun: sql.DBStats{MaxOpenConnections:1, OpenConnections:1, InUse:0, Idle:1, WaitCount:26, WaitDuration:440024900, MaxIdleClosed:0, MaxIdleTimeClosed:0, MaxLifetimeClosed:0}, afterRun: sql.DBStats{MaxOpenConnections:1, OpenConnections:1, InUse:1, Idle:0, WaitCount:27, WaitDuration:440024900, MaxIdleClosed:0, MaxIdleTimeClosed:0, MaxLifetimeClosed:0}
I0911 13:42:04.179029   14716 engine.go:174] [/emulator/nakevlink-dataconnect f466] ExecuteQuery GetUserPunchCards: succeeded. Connector: nakevlink-connector
I0911 13:42:04.198261   14716 executor.go:90] [operation "GetUserPunchCards" attempt 1] DBStats beforeRun: sql.DBStats{MaxOpenConnections:1, OpenConnections:1, InUse:1, Idle:0, WaitCount:26, WaitDuration:440024900, MaxIdleClosed:0, MaxIdleTimeClosed:0, MaxLifetimeClosed:0}, afterRun: sql.DBStats{MaxOpenConnections:1, OpenConnections:1, InUse:1, Idle:0, WaitCount:28, WaitDuration:458052900, MaxIdleClosed:0, MaxIdleTimeClosed:0, MaxLifetimeClosed:0}
I0911 13:42:04.198261   14716 engine.go:174] [/emulator/nakevlink-dataconnect f466] ExecuteQuery GetUserPunchCards: succeeded. Connector: nakevlink-connector
I0911 13:42:04.205151   14716 executor.go:90] [operation "GetPunchesForCard" attempt 1] DBStats beforeRun: sql.DBStats{MaxOpenConnections:1, OpenConnections:1, InUse:1, Idle:0, WaitCount:27, WaitDuration:458052900, MaxIdleClosed:0, MaxIdleTimeClosed:0, MaxLifetimeClosed:0}, afterRun: sql.DBStats{MaxOpenConnections:1, OpenConnections:1, InUse:0, Idle:1, WaitCount:28, WaitDuration:461999500, MaxIdleClosed:0, MaxIdleTimeClosed:0, MaxLifetimeClosed:0}
I0911 13:42:04.205151   14716 engine.go:174] [/emulator/nakevlink-dataconnect f466] ExecuteQuery GetPunchesForCard: succeeded. Connector: nakevlink-connector
I0911 13:42:04.237020   14716 executor.go:90] [operation "GetPunchesForCard" attempt 1] DBStats beforeRun: sql.DBStats{MaxOpenConnections:1, OpenConnections:1, InUse:0, Idle:1, WaitCount:28, WaitDuration:461999500, MaxIdleClosed:0, MaxIdleTimeClosed:0, MaxLifetimeClosed:0}, afterRun: sql.DBStats{MaxOpenConnections:1, OpenConnections:1, InUse:0, Idle:1, WaitCount:28, WaitDuration:461999500, MaxIdleClosed:0, MaxIdleTimeClosed:0, MaxLifetimeClosed:0}
I0911 13:42:04.237020   14716 engine.go:174] [/emulator/nakevlink-dataconnect f466] ExecuteQuery GetPunchesForCard: succeeded. Connector: nakevlink-connector
