[debug] [2025-08-13T19:52:14.884Z] ----------------------------------------------------------------------
[debug] [2025-08-13T19:52:14.887Z] Command:       C:\Program Files\nodejs\node.exe C:\Users\chenf\AppData\Roaming\npm\node_modules\firebase-tools\lib\bin\firebase.js emulators:start
[debug] [2025-08-13T19:52:14.887Z] CLI Version:   14.12.0
[debug] [2025-08-13T19:52:14.887Z] Platform:      win32
[debug] [2025-08-13T19:52:14.887Z] Node Version:  v22.18.0
[debug] [2025-08-13T19:52:14.888Z] Time:          Wed Aug 13 2025 22:52:14 GMT+0300 (Israel Daylight Time)
[debug] [2025-08-13T19:52:14.888Z] ----------------------------------------------------------------------
[debug] 
[debug] [2025-08-13T19:52:15.083Z] > command requires scopes: ["email","openid","https://www.googleapis.com/auth/cloudplatformprojects.readonly","https://www.googleapis.com/auth/firebase","https://www.googleapis.com/auth/cloud-platform"]
[debug] [2025-08-13T19:52:15.083Z] > authorizing via signed-in user (chen.finish@gmail.com)
[debug] [2025-08-13T19:52:15.157Z] openjdk version "17.0.16" 2025-07-15 LTS
OpenJDK Runtime Environment Microsoft-11926163 (build 17.0.16+8-LTS)

[debug] [2025-08-13T19:52:15.158Z] OpenJDK 64-Bit Server VM Microsoft-11926163 (build 17.0.16+8-LTS, mixed mode, sharing)

[debug] [2025-08-13T19:52:15.167Z] Parsed Java major version: 17
[info] i  emulators: Starting emulators: auth, functions, firestore, hosting, extensions {"metadata":{"emulator":{"name":"hub"},"message":"Starting emulators: auth, functions, firestore, hosting, extensions"}}
[debug] [2025-08-13T19:52:15.170Z] Checked if tokens are valid: true, expires at: 1755117905230
[debug] [2025-08-13T19:52:15.170Z] Checked if tokens are valid: true, expires at: 1755117905230
[debug] [2025-08-13T19:52:15.171Z] >>> [apiv2][query] GET https://cloudresourcemanager.googleapis.com/v1/projects/nakevlink [none]
[debug] [2025-08-13T19:52:16.524Z] <<< [apiv2][status] GET https://cloudresourcemanager.googleapis.com/v1/projects/nakevlink 200
[debug] [2025-08-13T19:52:16.524Z] <<< [apiv2][body] GET https://cloudresourcemanager.googleapis.com/v1/projects/nakevlink {"projectNumber":"1042642208032","projectId":"nakevlink","lifecycleState":"ACTIVE","name":"NakevLink","labels":{"firebase":"enabled","firebase-core":"disabled"},"createTime":"2025-04-22T18:43:37.416909Z"}
[debug] [2025-08-13T19:52:16.544Z] [logging] Logging Emulator only supports listening on one address (127.0.0.1). Not listening on ::1
[debug] [2025-08-13T19:52:16.544Z] [auth] Authentication Emulator only supports listening on one address (127.0.0.1). Not listening on ::1
[debug] [2025-08-13T19:52:16.544Z] [firestore] Firestore Emulator only supports listening on one address (127.0.0.1). Not listening on ::1
[debug] [2025-08-13T19:52:16.544Z] [firestore.websocket] websocket server for firestore only supports listening on one address (127.0.0.1). Not listening on ::1
[debug] [2025-08-13T19:52:16.545Z] [hosting] Hosting Emulator only supports listening on one address (127.0.0.1). Not listening on ::1
[debug] [2025-08-13T19:52:16.545Z] assigned listening specs for emulators {"user":{"hub":[{"address":"127.0.0.1","family":"IPv4","port":4400},{"address":"::1","family":"IPv6","port":4400}],"ui":[{"address":"127.0.0.1","family":"IPv4","port":4000},{"address":"::1","family":"IPv6","port":4000}],"logging":[{"address":"127.0.0.1","family":"IPv4","port":4500}],"auth":[{"address":"127.0.0.1","family":"IPv4","port":9099}],"firestore":[{"address":"127.0.0.1","family":"IPv4","port":8080}],"firestore.websocket":[{"address":"127.0.0.1","family":"IPv4","port":9150}],"hosting":[{"address":"127.0.0.1","family":"IPv4","port":5000}]},"metadata":{"message":"assigned listening specs for emulators"}}
[debug] [2025-08-13T19:52:16.548Z] [hub] writing locator at C:\Users\chenf\AppData\Local\Temp\hub-nakevlink.json
[debug] [2025-08-13T19:52:16.558Z] [Extensions] Started Extensions emulator, this is a noop.
[debug] [2025-08-13T19:52:16.563Z] [functions] Functions Emulator only supports listening on one address (127.0.0.1). Not listening on ::1
[debug] [2025-08-13T19:52:16.563Z] [eventarc] Eventarc Emulator only supports listening on one address (127.0.0.1). Not listening on ::1
[debug] [2025-08-13T19:52:16.563Z] [tasks] Cloud Tasks Emulator only supports listening on one address (127.0.0.1). Not listening on ::1
[debug] [2025-08-13T19:52:16.563Z] late-assigned ports for functions and eventarc emulators {"user":{"hub":[{"address":"127.0.0.1","family":"IPv4","port":4400},{"address":"::1","family":"IPv6","port":4400}],"ui":[{"address":"127.0.0.1","family":"IPv4","port":4000},{"address":"::1","family":"IPv6","port":4000}],"logging":[{"address":"127.0.0.1","family":"IPv4","port":4500}],"auth":[{"address":"127.0.0.1","family":"IPv4","port":9099}],"firestore":[{"address":"127.0.0.1","family":"IPv4","port":8080}],"firestore.websocket":[{"address":"127.0.0.1","family":"IPv4","port":9150}],"hosting":[{"address":"127.0.0.1","family":"IPv4","port":5000}],"functions":[{"address":"127.0.0.1","family":"IPv4","port":5001}],"eventarc":[{"address":"127.0.0.1","family":"IPv4","port":9299}],"tasks":[{"address":"127.0.0.1","family":"IPv4","port":9499}]},"metadata":{"message":"late-assigned ports for functions and eventarc emulators"}}
[warn] !  functions: The following emulators are not running, calls to these services from the Functions emulator will affect production: apphosting, database, pubsub, storage, dataconnect {"metadata":{"emulator":{"name":"functions"},"message":"The following emulators are not running, calls to these services from the Functions emulator will affect production: \u001b[1mapphosting, database, pubsub, storage, dataconnect\u001b[22m"}}
[debug] [2025-08-13T19:52:16.739Z] defaultcredentials: writing to file C:\Users\chenf\AppData\Roaming\firebase\chen_finish_gmail.com_application_default_credentials.json
[debug] [2025-08-13T19:52:16.741Z] Setting GAC to C:\Users\chenf\AppData\Roaming\firebase\chen_finish_gmail.com_application_default_credentials.json {"metadata":{"emulator":{"name":"functions"},"message":"Setting GAC to C:\\Users\\chenf\\AppData\\Roaming\\firebase\\chen_finish_gmail.com_application_default_credentials.json"}}
[debug] [2025-08-13T19:52:16.742Z] Checked if tokens are valid: true, expires at: 1755117905230
[debug] [2025-08-13T19:52:16.742Z] Checked if tokens are valid: true, expires at: 1755117905230
[debug] [2025-08-13T19:52:16.742Z] >>> [apiv2][query] GET https://firebase.googleapis.com/v1beta1/projects/nakevlink/adminSdkConfig [none]
[debug] [2025-08-13T19:52:17.196Z] <<< [apiv2][status] GET https://firebase.googleapis.com/v1beta1/projects/nakevlink/adminSdkConfig 200
[debug] [2025-08-13T19:52:17.197Z] <<< [apiv2][body] GET https://firebase.googleapis.com/v1beta1/projects/nakevlink/adminSdkConfig {"projectId":"nakevlink","databaseURL":"https://nakevlink-default-rtdb.firebaseio.com","storageBucket":"nakevlink.firebasestorage.app"}
[debug] [2025-08-13T19:52:17.226Z] Ignoring unsupported arg: auto_download {"metadata":{"emulator":{"name":"firestore"},"message":"Ignoring unsupported arg: auto_download"}}
[debug] [2025-08-13T19:52:17.226Z] Ignoring unsupported arg: single_project_mode_error {"metadata":{"emulator":{"name":"firestore"},"message":"Ignoring unsupported arg: single_project_mode_error"}}
[debug] [2025-08-13T19:52:17.226Z] Starting Firestore Emulator with command {"binary":"java","args":["-Dgoogle.cloud_firestore.debug_log_level=FINE","-Duser.language=en","-jar","C:\\Users\\chenf\\.cache\\firebase\\emulators\\cloud-firestore-emulator-v1.19.8.jar","--host","127.0.0.1","--port",8080,"--websocket_port",9150,"--project_id","nakevlink","--rules","C:\\Projects\\nakevlink\\firestore.rules","--single_project_mode",true,"--functions_emulator","127.0.0.1:5001"],"optionalArgs":["port","webchannel_port","host","rules","websocket_port","functions_emulator","seed_from_export","project_id","single_project_mode"],"joinArgs":false,"shell":false,"port":8080} {"metadata":{"emulator":{"name":"firestore"},"message":"Starting Firestore Emulator with command {\"binary\":\"java\",\"args\":[\"-Dgoogle.cloud_firestore.debug_log_level=FINE\",\"-Duser.language=en\",\"-jar\",\"C:\\\\Users\\\\chenf\\\\.cache\\\\firebase\\\\emulators\\\\cloud-firestore-emulator-v1.19.8.jar\",\"--host\",\"127.0.0.1\",\"--port\",8080,\"--websocket_port\",9150,\"--project_id\",\"nakevlink\",\"--rules\",\"C:\\\\Projects\\\\nakevlink\\\\firestore.rules\",\"--single_project_mode\",true,\"--functions_emulator\",\"127.0.0.1:5001\"],\"optionalArgs\":[\"port\",\"webchannel_port\",\"host\",\"rules\",\"websocket_port\",\"functions_emulator\",\"seed_from_export\",\"project_id\",\"single_project_mode\"],\"joinArgs\":false,\"shell\":false,\"port\":8080}"}}
[info] i  firestore: Firestore Emulator logging to firestore-debug.log {"metadata":{"emulator":{"name":"firestore"},"message":"Firestore Emulator logging to \u001b[1mfirestore-debug.log\u001b[22m"}}
[debug] [2025-08-13T19:52:19.031Z] Aug 13, 2025 10:52:18 PM com.google.cloud.datastore.emulator.firestore.websocket.WebSocketServer start
INFO: Started WebSocket server on ws://127.0.0.1:9150
 {"metadata":{"emulator":{"name":"firestore"},"message":"Aug 13, 2025 10:52:18 PM com.google.cloud.datastore.emulator.firestore.websocket.WebSocketServer start\r\nINFO: Started WebSocket server on ws://127.0.0.1:9150\r\n"}}
[debug] [2025-08-13T19:52:19.100Z] API endpoint: http:// {"metadata":{"emulator":{"name":"firestore"},"message":"API endpoint: http://"}}
[debug] [2025-08-13T19:52:19.100Z] 127.0.0.1:8080
If you are using a library that supports the FIRESTORE_EMULATOR_HOST environment variable, run:

   export FIRESTORE_EMULATOR_HOST=127.0.0.1:8080

If you are running a Firestore in Datastore Mode project, run:

   export DATASTORE_EMULATOR_HOST=127.0.0.1:8080

Note: Support for Datastore Mode is in preview. If you encounter any bugs please file at https://github.com/firebase/firebase-tools/issues.
Dev App Server is now running.

 {"metadata":{"emulator":{"name":"firestore"},"message":"127.0.0.1:8080\nIf you are using a library that supports the FIRESTORE_EMULATOR_HOST environment variable, run:\r\n\n   export FIRESTORE_EMULATOR_HOST=127.0.0.1:8080\n\nIf you are running a Firestore in Datastore Mode project, run:\r\n\n   export DATASTORE_EMULATOR_HOST=127.0.0.1:8080\n\nNote: Support for Datastore Mode is in preview. If you encounter any bugs please file at https://github.com/firebase/firebase-tools/issues.\r\nDev App Server is now running.\n\r\n"}}
[info] +  firestore: Firestore Emulator UI websocket is running on 9150. {"metadata":{"emulator":{"name":"firestore"},"message":"Firestore Emulator UI websocket is running on 9150."}}
[debug] [2025-08-13T19:52:26.467Z] Checked if tokens are valid: true, expires at: 1755117905230
[debug] [2025-08-13T19:52:26.468Z] Checked if tokens are valid: true, expires at: 1755117905230
[debug] [2025-08-13T19:52:26.468Z] >>> [apiv2][query] GET https://firebasehosting.googleapis.com/v1beta1/projects/nakevlink/sites 
[debug] [2025-08-13T19:52:27.788Z] <<< [apiv2][status] GET https://firebasehosting.googleapis.com/v1beta1/projects/nakevlink/sites 200
[debug] [2025-08-13T19:52:27.788Z] <<< [apiv2][body] GET https://firebasehosting.googleapis.com/v1beta1/projects/nakevlink/sites {"sites":[{"name":"projects/nakevlink/sites/nakevlink","defaultUrl":"https://nakevlink.web.app","type":"DEFAULT_SITE"}]}
[debug] [2025-08-13T19:52:27.789Z] Checked if tokens are valid: true, expires at: 1755117905230
[debug] [2025-08-13T19:52:27.790Z] Checked if tokens are valid: true, expires at: 1755117905230
[debug] [2025-08-13T19:52:27.790Z] >>> [apiv2][query] GET https://firebase.googleapis.com/v1beta1/projects/nakevlink/webApps/-/config [none]
[debug] [2025-08-13T19:52:28.507Z] <<< [apiv2][status] GET https://firebase.googleapis.com/v1beta1/projects/nakevlink/webApps/-/config 200
[debug] [2025-08-13T19:52:28.507Z] <<< [apiv2][body] GET https://firebase.googleapis.com/v1beta1/projects/nakevlink/webApps/-/config {"projectId":"nakevlink","databaseURL":"https://nakevlink-default-rtdb.firebaseio.com","storageBucket":"nakevlink.firebasestorage.app","apiKey":"AIzaSyBuHFe6F-rxiueTcuo9iz5Ab68hmZHY7UE","authDomain":"nakevlink.firebaseapp.com","messagingSenderId":"1042642208032"}
[debug] [2025-08-13T19:52:28.519Z] Checked if tokens are valid: true, expires at: 1755117905230
[debug] [2025-08-13T19:52:28.519Z] Checked if tokens are valid: true, expires at: 1755117905230
[debug] [2025-08-13T19:52:28.520Z] >>> [apiv2][query] GET https://firebase.googleapis.com/v1beta1/projects/nakevlink [none]
[debug] [2025-08-13T19:52:28.823Z] <<< [apiv2][status] GET https://firebase.googleapis.com/v1beta1/projects/nakevlink 200
[debug] [2025-08-13T19:52:28.824Z] <<< [apiv2][body] GET https://firebase.googleapis.com/v1beta1/projects/nakevlink {"projectId":"nakevlink","projectNumber":"1042642208032","displayName":"NakevLink","name":"projects/nakevlink","resources":{"hostingSite":"nakevlink","realtimeDatabaseInstance":"nakevlink-default-rtdb"},"state":"ACTIVE","etag":"1_d169b3a5-631c-484a-811e-243cee297c24"}
[debug] [2025-08-13T19:52:28.825Z] Specified "public" directory "web-app/dist" does not exist; Deploy to Hosting site "nakevlink" may fail or be empty.
[info] i  hosting[nakevlink]: Serving hosting files from: web-app/dist {"metadata":{"emulator":{"name":"hosting"},"message":"Serving hosting files from: \u001b[1mweb-app/dist\u001b[22m"}}
[info] +  hosting[nakevlink]: Local server: http://127.0.0.1:5000 {"metadata":{"emulator":{"name":"hosting"},"message":"Local server: \u001b[4m\u001b[1mhttp://127.0.0.1:5000\u001b[22m\u001b[24m"}}
[info] i  ui: downloading ui-v1.15.0.zip... {"metadata":{"emulator":{"name":"ui"},"message":"downloading ui-v1.15.0.zip..."}}
[debug] [2025-08-13T19:52:28.860Z] >>> [apiv2][query] GET https://storage.googleapis.com/firebase-preview-drop/emulator/ui-v1.15.0.zip 
[debug] [2025-08-13T19:52:29.256Z] <<< [apiv2][status] GET https://storage.googleapis.com/firebase-preview-drop/emulator/ui-v1.15.0.zip 200
[debug] [2025-08-13T19:52:29.256Z] <<< [apiv2][body] GET https://storage.googleapis.com/firebase-preview-drop/emulator/ui-v1.15.0.zip [stream]
[debug] [2025-08-13T19:52:30.754Z] Data is 3538469
[debug] [2025-08-13T19:52:30.755Z] [unzip] Entry: client/ (compressed_size=0 bytes, uncompressed_size=0 bytes)
[debug] [2025-08-13T19:52:30.755Z] [unzip] Processing entry: client\
[debug] [2025-08-13T19:52:30.755Z] [unzip] mkdir: C:\Users\chenf\.cache\firebase\emulators\ui-v1.15.0\client\
[debug] [2025-08-13T19:52:30.760Z] [unzip] Entry: client/favicon-16x16.png (compressed_size=293 bytes, uncompressed_size=293 bytes)
[debug] [2025-08-13T19:52:30.760Z] [unzip] Processing entry: client\favicon-16x16.png
[debug] [2025-08-13T19:52:30.760Z] [unzip] else mkdir: C:\Users\chenf\.cache\firebase\emulators\ui-v1.15.0\client
[debug] [2025-08-13T19:52:30.762Z] [unzip] Writing file: C:\Users\chenf\.cache\firebase\emulators\ui-v1.15.0\client\favicon-16x16.png
[debug] [2025-08-13T19:52:30.765Z] [unzip] Entry: client/safari-pinned-tab.svg (compressed_size=1433 bytes, uncompressed_size=2611 bytes)
[debug] [2025-08-13T19:52:30.766Z] [unzip] Processing entry: client\safari-pinned-tab.svg
[debug] [2025-08-13T19:52:30.766Z] [unzip] else mkdir: C:\Users\chenf\.cache\firebase\emulators\ui-v1.15.0\client
[debug] [2025-08-13T19:52:30.767Z] [unzip] deflating: C:\Users\chenf\.cache\firebase\emulators\ui-v1.15.0\client\safari-pinned-tab.svg
[debug] [2025-08-13T19:52:30.775Z] [unzip] Entry: client/favicon.ico (compressed_size=2933 bytes, uncompressed_size=13294 bytes)
[debug] [2025-08-13T19:52:30.775Z] [unzip] Processing entry: client\favicon.ico
[debug] [2025-08-13T19:52:30.775Z] [unzip] else mkdir: C:\Users\chenf\.cache\firebase\emulators\ui-v1.15.0\client
[debug] [2025-08-13T19:52:30.776Z] [unzip] deflating: C:\Users\chenf\.cache\firebase\emulators\ui-v1.15.0\client\favicon.ico
[debug] [2025-08-13T19:52:30.780Z] [unzip] Entry: client/index.html (compressed_size=1364 bytes, uncompressed_size=3071 bytes)
[debug] [2025-08-13T19:52:30.780Z] [unzip] Processing entry: client\index.html
[debug] [2025-08-13T19:52:30.780Z] [unzip] else mkdir: C:\Users\chenf\.cache\firebase\emulators\ui-v1.15.0\client
[debug] [2025-08-13T19:52:30.782Z] [unzip] deflating: C:\Users\chenf\.cache\firebase\emulators\ui-v1.15.0\client\index.html
[debug] [2025-08-13T19:52:30.786Z] [unzip] Entry: client/android-chrome-192x192.png (compressed_size=2684 bytes, uncompressed_size=2684 bytes)
[debug] [2025-08-13T19:52:30.786Z] [unzip] Processing entry: client\android-chrome-192x192.png
[debug] [2025-08-13T19:52:30.786Z] [unzip] else mkdir: C:\Users\chenf\.cache\firebase\emulators\ui-v1.15.0\client
[debug] [2025-08-13T19:52:30.787Z] [unzip] Writing file: C:\Users\chenf\.cache\firebase\emulators\ui-v1.15.0\client\android-chrome-192x192.png
[debug] [2025-08-13T19:52:30.790Z] [unzip] Entry: client/apple-touch-icon.png (compressed_size=2123 bytes, uncompressed_size=2152 bytes)
[debug] [2025-08-13T19:52:30.790Z] [unzip] Processing entry: client\apple-touch-icon.png
[debug] [2025-08-13T19:52:30.790Z] [unzip] else mkdir: C:\Users\chenf\.cache\firebase\emulators\ui-v1.15.0\client
[debug] [2025-08-13T19:52:30.792Z] [unzip] deflating: C:\Users\chenf\.cache\firebase\emulators\ui-v1.15.0\client\apple-touch-icon.png
[debug] [2025-08-13T19:52:30.795Z] [unzip] Entry: client/android-chrome-512x512.png (compressed_size=5369 bytes, uncompressed_size=5411 bytes)
[debug] [2025-08-13T19:52:30.795Z] [unzip] Processing entry: client\android-chrome-512x512.png
[debug] [2025-08-13T19:52:30.796Z] [unzip] else mkdir: C:\Users\chenf\.cache\firebase\emulators\ui-v1.15.0\client
[debug] [2025-08-13T19:52:30.797Z] [unzip] deflating: C:\Users\chenf\.cache\firebase\emulators\ui-v1.15.0\client\android-chrome-512x512.png
[debug] [2025-08-13T19:52:30.799Z] [unzip] Entry: client/manifest.json (compressed_size=245 bytes, uncompressed_size=551 bytes)
[debug] [2025-08-13T19:52:30.799Z] [unzip] Processing entry: client\manifest.json
[debug] [2025-08-13T19:52:30.799Z] [unzip] else mkdir: C:\Users\chenf\.cache\firebase\emulators\ui-v1.15.0\client
[debug] [2025-08-13T19:52:30.800Z] [unzip] deflating: C:\Users\chenf\.cache\firebase\emulators\ui-v1.15.0\client\manifest.json
[debug] [2025-08-13T19:52:30.803Z] [unzip] Entry: client/robots.txt (compressed_size=26 bytes, uncompressed_size=26 bytes)
[debug] [2025-08-13T19:52:30.803Z] [unzip] Processing entry: client\robots.txt
[debug] [2025-08-13T19:52:30.803Z] [unzip] else mkdir: C:\Users\chenf\.cache\firebase\emulators\ui-v1.15.0\client
[debug] [2025-08-13T19:52:30.804Z] [unzip] Writing file: C:\Users\chenf\.cache\firebase\emulators\ui-v1.15.0\client\robots.txt
[debug] [2025-08-13T19:52:30.806Z] [unzip] Entry: client/mstile-150x150.png (compressed_size=2034 bytes, uncompressed_size=2034 bytes)
[debug] [2025-08-13T19:52:30.806Z] [unzip] Processing entry: client\mstile-150x150.png
[debug] [2025-08-13T19:52:30.806Z] [unzip] else mkdir: C:\Users\chenf\.cache\firebase\emulators\ui-v1.15.0\client
[debug] [2025-08-13T19:52:30.807Z] [unzip] Writing file: C:\Users\chenf\.cache\firebase\emulators\ui-v1.15.0\client\mstile-150x150.png
[debug] [2025-08-13T19:52:30.808Z] [unzip] Entry: client/assets/ (compressed_size=0 bytes, uncompressed_size=0 bytes)
[debug] [2025-08-13T19:52:30.809Z] [unzip] Processing entry: client\assets\
[debug] [2025-08-13T19:52:30.809Z] [unzip] mkdir: C:\Users\chenf\.cache\firebase\emulators\ui-v1.15.0\client\assets\
[debug] [2025-08-13T19:52:30.809Z] [unzip] Entry: client/assets/index-BX-A56oj.js (compressed_size=582089 bytes, uncompressed_size=2092775 bytes)
[debug] [2025-08-13T19:52:30.809Z] [unzip] Processing entry: client\assets\index-BX-A56oj.js
[debug] [2025-08-13T19:52:30.809Z] [unzip] else mkdir: C:\Users\chenf\.cache\firebase\emulators\ui-v1.15.0\client\assets
[debug] [2025-08-13T19:52:30.810Z] [unzip] deflating: C:\Users\chenf\.cache\firebase\emulators\ui-v1.15.0\client\assets\index-BX-A56oj.js
[debug] [2025-08-13T19:52:30.836Z] [unzip] Entry: client/assets/index-CjB9C900.css (compressed_size=35979 bytes, uncompressed_size=298654 bytes)
[debug] [2025-08-13T19:52:30.836Z] [unzip] Processing entry: client\assets\index-CjB9C900.css
[debug] [2025-08-13T19:52:30.836Z] [unzip] else mkdir: C:\Users\chenf\.cache\firebase\emulators\ui-v1.15.0\client\assets
[debug] [2025-08-13T19:52:30.836Z] [unzip] deflating: C:\Users\chenf\.cache\firebase\emulators\ui-v1.15.0\client\assets\index-CjB9C900.css
[debug] [2025-08-13T19:52:30.839Z] [unzip] Entry: client/assets/index-BX-A56oj.js.map (compressed_size=2362482 bytes, uncompressed_size=10036679 bytes)
[debug] [2025-08-13T19:52:30.840Z] [unzip] Processing entry: client\assets\index-BX-A56oj.js.map
[debug] [2025-08-13T19:52:30.840Z] [unzip] else mkdir: C:\Users\chenf\.cache\firebase\emulators\ui-v1.15.0\client\assets
[debug] [2025-08-13T19:52:30.840Z] [unzip] deflating: C:\Users\chenf\.cache\firebase\emulators\ui-v1.15.0\client\assets\index-BX-A56oj.js.map
[debug] [2025-08-13T19:52:31.015Z] [unzip] Entry: client/assets/extensions/ (compressed_size=0 bytes, uncompressed_size=0 bytes)
[debug] [2025-08-13T19:52:31.015Z] [unzip] Processing entry: client\assets\extensions\
[debug] [2025-08-13T19:52:31.015Z] [unzip] mkdir: C:\Users\chenf\.cache\firebase\emulators\ui-v1.15.0\client\assets\extensions\
[debug] [2025-08-13T19:52:31.016Z] [unzip] Entry: client/assets/extensions/default-extension.png (compressed_size=1646 bytes, uncompressed_size=1657 bytes)
[debug] [2025-08-13T19:52:31.017Z] [unzip] Processing entry: client\assets\extensions\default-extension.png
[debug] [2025-08-13T19:52:31.017Z] [unzip] else mkdir: C:\Users\chenf\.cache\firebase\emulators\ui-v1.15.0\client\assets\extensions
[debug] [2025-08-13T19:52:31.018Z] [unzip] deflating: C:\Users\chenf\.cache\firebase\emulators\ui-v1.15.0\client\assets\extensions\default-extension.png
[debug] [2025-08-13T19:52:31.021Z] [unzip] Entry: client/assets/img/ (compressed_size=0 bytes, uncompressed_size=0 bytes)
[debug] [2025-08-13T19:52:31.021Z] [unzip] Processing entry: client\assets\img\
[debug] [2025-08-13T19:52:31.022Z] [unzip] mkdir: C:\Users\chenf\.cache\firebase\emulators\ui-v1.15.0\client\assets\img\
[debug] [2025-08-13T19:52:31.022Z] [unzip] Entry: client/assets/img/database.png (compressed_size=29449 bytes, uncompressed_size=29988 bytes)
[debug] [2025-08-13T19:52:31.022Z] [unzip] Processing entry: client\assets\img\database.png
[debug] [2025-08-13T19:52:31.022Z] [unzip] else mkdir: C:\Users\chenf\.cache\firebase\emulators\ui-v1.15.0\client\assets\img
[debug] [2025-08-13T19:52:31.023Z] [unzip] deflating: C:\Users\chenf\.cache\firebase\emulators\ui-v1.15.0\client\assets\img\database.png
[debug] [2025-08-13T19:52:31.024Z] [unzip] Entry: client/assets/provider-icons/ (compressed_size=0 bytes, uncompressed_size=0 bytes)
[debug] [2025-08-13T19:52:31.024Z] [unzip] Processing entry: client\assets\provider-icons\
[debug] [2025-08-13T19:52:31.024Z] [unzip] mkdir: C:\Users\chenf\.cache\firebase\emulators\ui-v1.15.0\client\assets\provider-icons\
[debug] [2025-08-13T19:52:31.025Z] [unzip] Entry: client/assets/provider-icons/auth_service_saml.svg (compressed_size=575 bytes, uncompressed_size=1226 bytes)
[debug] [2025-08-13T19:52:31.025Z] [unzip] Processing entry: client\assets\provider-icons\auth_service_saml.svg
[debug] [2025-08-13T19:52:31.025Z] [unzip] else mkdir: C:\Users\chenf\.cache\firebase\emulators\ui-v1.15.0\client\assets\provider-icons
[debug] [2025-08-13T19:52:31.025Z] [unzip] deflating: C:\Users\chenf\.cache\firebase\emulators\ui-v1.15.0\client\assets\provider-icons\auth_service_saml.svg
[debug] [2025-08-13T19:52:31.027Z] [unzip] Entry: client/assets/provider-icons/auth_service_phone.svg (compressed_size=261 bytes, uncompressed_size=414 bytes)
[debug] [2025-08-13T19:52:31.027Z] [unzip] Processing entry: client\assets\provider-icons\auth_service_phone.svg
[debug] [2025-08-13T19:52:31.027Z] [unzip] else mkdir: C:\Users\chenf\.cache\firebase\emulators\ui-v1.15.0\client\assets\provider-icons
[debug] [2025-08-13T19:52:31.027Z] [unzip] deflating: C:\Users\chenf\.cache\firebase\emulators\ui-v1.15.0\client\assets\provider-icons\auth_service_phone.svg
[debug] [2025-08-13T19:52:31.028Z] [unzip] Entry: client/assets/provider-icons/auth_service_facebook.svg (compressed_size=289 bytes, uncompressed_size=457 bytes)
[debug] [2025-08-13T19:52:31.028Z] [unzip] Processing entry: client\assets\provider-icons\auth_service_facebook.svg
[debug] [2025-08-13T19:52:31.028Z] [unzip] else mkdir: C:\Users\chenf\.cache\firebase\emulators\ui-v1.15.0\client\assets\provider-icons
[debug] [2025-08-13T19:52:31.029Z] [unzip] deflating: C:\Users\chenf\.cache\firebase\emulators\ui-v1.15.0\client\assets\provider-icons\auth_service_facebook.svg
[debug] [2025-08-13T19:52:31.033Z] [unzip] Entry: client/assets/provider-icons/auth_service_game_center.svg (compressed_size=991 bytes, uncompressed_size=3921 bytes)
[debug] [2025-08-13T19:52:31.033Z] [unzip] Processing entry: client\assets\provider-icons\auth_service_game_center.svg
[debug] [2025-08-13T19:52:31.033Z] [unzip] else mkdir: C:\Users\chenf\.cache\firebase\emulators\ui-v1.15.0\client\assets\provider-icons
[debug] [2025-08-13T19:52:31.034Z] [unzip] deflating: C:\Users\chenf\.cache\firebase\emulators\ui-v1.15.0\client\assets\provider-icons\auth_service_game_center.svg
[debug] [2025-08-13T19:52:31.038Z] [unzip] Entry: client/assets/provider-icons/auth_service_apple.svg (compressed_size=230 bytes, uncompressed_size=334 bytes)
[debug] [2025-08-13T19:52:31.038Z] [unzip] Processing entry: client\assets\provider-icons\auth_service_apple.svg
[debug] [2025-08-13T19:52:31.038Z] [unzip] else mkdir: C:\Users\chenf\.cache\firebase\emulators\ui-v1.15.0\client\assets\provider-icons
[debug] [2025-08-13T19:52:31.039Z] [unzip] deflating: C:\Users\chenf\.cache\firebase\emulators\ui-v1.15.0\client\assets\provider-icons\auth_service_apple.svg
[debug] [2025-08-13T19:52:31.041Z] [unzip] Entry: client/assets/provider-icons/auth_service_github.svg (compressed_size=466 bytes, uncompressed_size=838 bytes)
[debug] [2025-08-13T19:52:31.042Z] [unzip] Processing entry: client\assets\provider-icons\auth_service_github.svg
[debug] [2025-08-13T19:52:31.042Z] [unzip] else mkdir: C:\Users\chenf\.cache\firebase\emulators\ui-v1.15.0\client\assets\provider-icons
[debug] [2025-08-13T19:52:31.042Z] [unzip] deflating: C:\Users\chenf\.cache\firebase\emulators\ui-v1.15.0\client\assets\provider-icons\auth_service_github.svg
[debug] [2025-08-13T19:52:31.043Z] [unzip] Entry: client/assets/provider-icons/auth_service_mslive.svg (compressed_size=203 bytes, uncompressed_size=378 bytes)
[debug] [2025-08-13T19:52:31.043Z] [unzip] Processing entry: client\assets\provider-icons\auth_service_mslive.svg
[debug] [2025-08-13T19:52:31.043Z] [unzip] else mkdir: C:\Users\chenf\.cache\firebase\emulators\ui-v1.15.0\client\assets\provider-icons
[debug] [2025-08-13T19:52:31.044Z] [unzip] deflating: C:\Users\chenf\.cache\firebase\emulators\ui-v1.15.0\client\assets\provider-icons\auth_service_mslive.svg
[debug] [2025-08-13T19:52:31.047Z] [unzip] Entry: client/assets/provider-icons/auth_service_yahoo.svg (compressed_size=577 bytes, uncompressed_size=1182 bytes)
[debug] [2025-08-13T19:52:31.047Z] [unzip] Processing entry: client\assets\provider-icons\auth_service_yahoo.svg
[debug] [2025-08-13T19:52:31.047Z] [unzip] else mkdir: C:\Users\chenf\.cache\firebase\emulators\ui-v1.15.0\client\assets\provider-icons
[debug] [2025-08-13T19:52:31.047Z] [unzip] deflating: C:\Users\chenf\.cache\firebase\emulators\ui-v1.15.0\client\assets\provider-icons\auth_service_yahoo.svg
[debug] [2025-08-13T19:52:31.048Z] [unzip] Entry: client/assets/provider-icons/auth_service_twitter.svg (compressed_size=444 bytes, uncompressed_size=751 bytes)
[debug] [2025-08-13T19:52:31.048Z] [unzip] Processing entry: client\assets\provider-icons\auth_service_twitter.svg
[debug] [2025-08-13T19:52:31.048Z] [unzip] else mkdir: C:\Users\chenf\.cache\firebase\emulators\ui-v1.15.0\client\assets\provider-icons
[debug] [2025-08-13T19:52:31.049Z] [unzip] deflating: C:\Users\chenf\.cache\firebase\emulators\ui-v1.15.0\client\assets\provider-icons\auth_service_twitter.svg
[debug] [2025-08-13T19:52:31.050Z] [unzip] Entry: client/assets/provider-icons/auth_service_play_games.svg (compressed_size=565 bytes, uncompressed_size=1173 bytes)
[debug] [2025-08-13T19:52:31.050Z] [unzip] Processing entry: client\assets\provider-icons\auth_service_play_games.svg
[debug] [2025-08-13T19:52:31.050Z] [unzip] else mkdir: C:\Users\chenf\.cache\firebase\emulators\ui-v1.15.0\client\assets\provider-icons
[debug] [2025-08-13T19:52:31.051Z] [unzip] deflating: C:\Users\chenf\.cache\firebase\emulators\ui-v1.15.0\client\assets\provider-icons\auth_service_play_games.svg
[debug] [2025-08-13T19:52:31.054Z] [unzip] Entry: client/assets/provider-icons/auth_service_email.svg (compressed_size=228 bytes, uncompressed_size=326 bytes)
[debug] [2025-08-13T19:52:31.054Z] [unzip] Processing entry: client\assets\provider-icons\auth_service_email.svg
[debug] [2025-08-13T19:52:31.055Z] [unzip] else mkdir: C:\Users\chenf\.cache\firebase\emulators\ui-v1.15.0\client\assets\provider-icons
[debug] [2025-08-13T19:52:31.056Z] [unzip] deflating: C:\Users\chenf\.cache\firebase\emulators\ui-v1.15.0\client\assets\provider-icons\auth_service_email.svg
[debug] [2025-08-13T19:52:31.058Z] [unzip] Entry: client/assets/provider-icons/auth_service_google.svg (compressed_size=409 bytes, uncompressed_size=720 bytes)
[debug] [2025-08-13T19:52:31.058Z] [unzip] Processing entry: client\assets\provider-icons\auth_service_google.svg
[debug] [2025-08-13T19:52:31.058Z] [unzip] else mkdir: C:\Users\chenf\.cache\firebase\emulators\ui-v1.15.0\client\assets\provider-icons
[debug] [2025-08-13T19:52:31.059Z] [unzip] deflating: C:\Users\chenf\.cache\firebase\emulators\ui-v1.15.0\client\assets\provider-icons\auth_service_google.svg
[debug] [2025-08-13T19:52:31.062Z] [unzip] Entry: client/assets/provider-icons/auth_service_oidc.svg (compressed_size=414 bytes, uncompressed_size=858 bytes)
[debug] [2025-08-13T19:52:31.062Z] [unzip] Processing entry: client\assets\provider-icons\auth_service_oidc.svg
[debug] [2025-08-13T19:52:31.062Z] [unzip] else mkdir: C:\Users\chenf\.cache\firebase\emulators\ui-v1.15.0\client\assets\provider-icons
[debug] [2025-08-13T19:52:31.062Z] [unzip] deflating: C:\Users\chenf\.cache\firebase\emulators\ui-v1.15.0\client\assets\provider-icons\auth_service_oidc.svg
[debug] [2025-08-13T19:52:31.064Z] [unzip] Entry: client/browserconfig.xml (compressed_size=491 bytes, uncompressed_size=822 bytes)
[debug] [2025-08-13T19:52:31.064Z] [unzip] Processing entry: client\browserconfig.xml
[debug] [2025-08-13T19:52:31.064Z] [unzip] else mkdir: C:\Users\chenf\.cache\firebase\emulators\ui-v1.15.0\client
[debug] [2025-08-13T19:52:31.064Z] [unzip] deflating: C:\Users\chenf\.cache\firebase\emulators\ui-v1.15.0\client\browserconfig.xml
[debug] [2025-08-13T19:52:31.065Z] [unzip] Entry: client/favicon-32x32.png (compressed_size=475 bytes, uncompressed_size=475 bytes)
[debug] [2025-08-13T19:52:31.066Z] [unzip] Processing entry: client\favicon-32x32.png
[debug] [2025-08-13T19:52:31.066Z] [unzip] else mkdir: C:\Users\chenf\.cache\firebase\emulators\ui-v1.15.0\client
[debug] [2025-08-13T19:52:31.066Z] [unzip] Writing file: C:\Users\chenf\.cache\firebase\emulators\ui-v1.15.0\client\favicon-32x32.png
[debug] [2025-08-13T19:52:31.067Z] [unzip] Entry: server/ (compressed_size=0 bytes, uncompressed_size=0 bytes)
[debug] [2025-08-13T19:52:31.067Z] [unzip] Processing entry: server\
[debug] [2025-08-13T19:52:31.067Z] [unzip] mkdir: C:\Users\chenf\.cache\firebase\emulators\ui-v1.15.0\server\
[debug] [2025-08-13T19:52:31.067Z] [unzip] Entry: server/server.mjs.map (compressed_size=217845 bytes, uncompressed_size=944978 bytes)
[debug] [2025-08-13T19:52:31.067Z] [unzip] Processing entry: server\server.mjs.map
[debug] [2025-08-13T19:52:31.067Z] [unzip] else mkdir: C:\Users\chenf\.cache\firebase\emulators\ui-v1.15.0\server
[debug] [2025-08-13T19:52:31.067Z] [unzip] deflating: C:\Users\chenf\.cache\firebase\emulators\ui-v1.15.0\server\server.mjs.map
[debug] [2025-08-13T19:52:31.081Z] [unzip] Entry: server/server.mjs (compressed_size=276407 bytes, uncompressed_size=933701 bytes)
[debug] [2025-08-13T19:52:31.081Z] [unzip] Processing entry: server\server.mjs
[debug] [2025-08-13T19:52:31.081Z] [unzip] else mkdir: C:\Users\chenf\.cache\firebase\emulators\ui-v1.15.0\server
[debug] [2025-08-13T19:52:31.082Z] [unzip] deflating: C:\Users\chenf\.cache\firebase\emulators\ui-v1.15.0\server\server.mjs
[debug] [2025-08-13T19:52:31.095Z] [Extensions] Connecting Extensions emulator, this is a noop.
[info] i  functions: Watching "C:\Projects\nakevlink\functions" for Cloud Functions... {"metadata":{"emulator":{"name":"functions"},"message":"Watching \"C:\\Projects\\nakevlink\\functions\" for Cloud Functions..."}}
[error] !!  functions: Failed to load function definition from source: FirebaseError: could not deploy functions because the "functions" directory was not found. Please create it or specify a different source directory in firebase.json {"metadata":{"emulator":{"name":"functions"},"message":"Failed to load function definition from source: FirebaseError: could not deploy functions because the \u001b[1m\"functions\"\u001b[22m directory was not found. Please create it or specify a different source directory in firebase.json"}}
[debug] [2025-08-13T19:52:31.101Z] Could not find VSCode notification endpoint: FetchError: request to http://localhost:40001/vscode/notify failed, reason: . If you are not running the Firebase Data Connect VSCode extension, this is expected and not an issue.
[info] 
┌─────────────────────────────────────────────────────────────┐
│ ✔  All emulators ready! It is now safe to connect your app. │
│ i  View Emulator UI at http://127.0.0.1:4000/               │
└─────────────────────────────────────────────────────────────┘

┌────────────────┬────────────────┬──────────────────────────────────┐
│ Emulator       │ Host:Port      │ View in Emulator UI              │
├────────────────┼────────────────┼──────────────────────────────────┤
│ Authentication │ 127.0.0.1:9099 │ http://127.0.0.1:4000/auth       │
├────────────────┼────────────────┼──────────────────────────────────┤
│ Functions      │ 127.0.0.1:5001 │ http://127.0.0.1:4000/functions  │
├────────────────┼────────────────┼──────────────────────────────────┤
│ Firestore      │ 127.0.0.1:8080 │ http://127.0.0.1:4000/firestore  │
├────────────────┼────────────────┼──────────────────────────────────┤
│ Hosting        │ 127.0.0.1:5000 │ n/a                              │
├────────────────┼────────────────┼──────────────────────────────────┤
│ Extensions     │ 127.0.0.1:5001 │ http://127.0.0.1:4000/extensions │
└────────────────┴────────────────┴──────────────────────────────────┘
  Emulator Hub host: 127.0.0.1 port: 4400
  Other reserved ports: 4500, 9150
┌─────────────────────────┬───────────────┬─────────────────────┐
│ Extension Instance Name │ Extension Ref │ View in Emulator UI │
└─────────────────────────┴───────────────┴─────────────────────┘
Issues? Report them at https://github.com/firebase/firebase-tools/issues and attach the *-debug.log files.
 
[debug] [2025-08-13T19:52:43.814Z] Aug 13, 2025 10:52:43 PM com.google.cloud.datastore.emulator.firestore.websocket.WebSocketChannelHandler initChannel
INFO: Connected to new websocket client
 {"metadata":{"emulator":{"name":"firestore"},"message":"Aug 13, 2025 10:52:43 PM com.google.cloud.datastore.emulator.firestore.websocket.WebSocketChannelHandler initChannel\r\nINFO: Connected to new websocket client\r\n"}}
[debug] [2025-08-13T19:52:49.478Z] Aug 13, 2025 10:52:49 PM io.gapi.emulators.netty.HttpVersionRoutingHandler channelRead
INFO: Detected non-HTTP/2 connection.
 {"metadata":{"emulator":{"name":"firestore"},"message":"Aug 13, 2025 10:52:49 PM io.gapi.emulators.netty.HttpVersionRoutingHandler channelRead\r\nINFO: Detected non-HTTP/2 connection.\r\n"}}
[debug] [2025-08-13T19:52:49.904Z] Aug 13, 2025 10:52:49 PM io.gapi.emulators.netty.HttpVersionRoutingHandler channelRead
INFO: Detected HTTP/2 connection.
 {"metadata":{"emulator":{"name":"firestore"},"message":"Aug 13, 2025 10:52:49 PM io.gapi.emulators.netty.HttpVersionRoutingHandler channelRead\r\nINFO: Detected HTTP/2 connection.\r\n"}}
